<?xml version="1.0" encoding="UTF-8"?>
<coverage generated="1782904611780" clover="3.2.0">
  <project timestamp="1782904611780" name="All files">
    <metrics statements="403" coveredstatements="347" conditionals="290" coveredconditionals="202" methods="127" coveredmethods="105" elements="820" coveredelements="654" complexity="0" loc="403" ncloc="403" packages="3" files="10" classes="10"/>
    <package name="app.school.[id]">
      <metrics statements="2" coveredstatements="2" conditionals="0" coveredconditionals="0" methods="1" coveredmethods="1"/>
      <file name="not-found.tsx" path="D:\BIAN\UIG\university-helper\src\app\school\[id]\not-found.tsx">
        <metrics statements="2" coveredstatements="2" conditionals="0" coveredconditionals="0" methods="1" coveredmethods="1"/>
        <line num="2" count="1" type="stmt"/>
        <line num="3" count="3" type="stmt"/>
      </file>
    </package>
    <package name="components">
      <metrics statements="267" coveredstatements="212" conditionals="225" coveredconditionals="149" methods="103" coveredmethods="81"/>
      <file name="CompareClient.tsx" path="D:\BIAN\UIG\university-helper\src\components\CompareClient.tsx">
        <metrics statements="53" coveredstatements="50" conditionals="44" coveredconditionals="33" methods="36" coveredmethods="34"/>
        <line num="3" count="1" type="stmt"/>
        <line num="4" count="1" type="stmt"/>
        <line num="22" count="1" type="stmt"/>
        <line num="28" count="30" type="stmt"/>
        <line num="29" count="30" type="stmt"/>
        <line num="31" count="30" type="stmt"/>
        <line num="32" count="57" type="stmt"/>
        <line num="33" count="57" type="cond" truecount="2" falsecount="0"/>
        <line num="34" count="20" type="stmt"/>
        <line num="35" count="60" type="cond" truecount="2" falsecount="0"/>
        <line num="39" count="30" type="stmt"/>
        <line num="40" count="12" type="cond" truecount="1" falsecount="1"/>
        <line num="41" count="8" type="stmt"/>
        <line num="42" count="8" type="stmt"/>
        <line num="45" count="30" type="stmt"/>
        <line num="46" count="1" type="stmt"/>
        <line num="49" count="61" type="stmt"/>
        <line num="51" count="30" type="stmt"/>
        <line num="52" count="1" type="stmt"/>
        <line num="53" count="1" type="stmt"/>
        <line num="56" count="30" type="stmt"/>
        <line num="57" count="18" type="cond" truecount="3" falsecount="1"/>
        <line num="58" count="18" type="cond" truecount="1" falsecount="1"/>
        <line num="59" count="0" type="cond" truecount="0" falsecount="2"/>
        <line num="62" count="30" type="stmt"/>
        <line num="63" count="6" type="stmt"/>
        <line num="64" count="6" type="cond" truecount="1" falsecount="1"/>
        <line num="65" count="6" type="cond" truecount="1" falsecount="1"/>
        <line num="66" count="6" type="cond" truecount="4" falsecount="2"/>
        <line num="67" count="6" type="stmt"/>
        <line num="70" count="30" type="stmt"/>
        <line num="71" count="14" type="cond" truecount="4" falsecount="2"/>
        <line num="72" count="6" type="stmt"/>
        <line num="73" count="6" type="stmt"/>
        <line num="74" count="6" type="stmt"/>
        <line num="75" count="6" type="stmt"/>
        <line num="76" count="18" type="stmt"/>
        <line num="78" count="6" type="cond" truecount="2" falsecount="0"/>
        <line num="79" count="6" type="cond" truecount="2" falsecount="0"/>
        <line num="80" count="6" type="cond" truecount="2" falsecount="0"/>
        <line num="81" count="6" type="stmt"/>
        <line num="82" count="6" type="stmt"/>
        <line num="83" count="6" type="stmt"/>
        <line num="86" count="30" type="stmt"/>
        <line num="99" count="61" type="stmt"/>
        <line num="103" count="1" type="stmt"/>
        <line num="111" count="10" type="stmt"/>
        <line num="116" count="10" type="stmt"/>
        <line num="118" count="0" type="stmt"/>
        <line num="119" count="0" type="stmt"/>
        <line num="140" count="6" type="stmt"/>
        <line num="142" count="33" type="stmt"/>
        <line num="145" count="66" type="stmt"/>
      </file>
      <file name="FaqSection.tsx" path="D:\BIAN\UIG\university-helper\src\components\FaqSection.tsx">
        <metrics statements="9" coveredstatements="9" conditionals="12" coveredconditionals="11" methods="4" coveredmethods="4"/>
        <line num="3" count="1" type="stmt"/>
        <line num="10" count="1" type="stmt"/>
        <line num="11" count="7" type="stmt"/>
        <line num="13" count="7" type="cond" truecount="4" falsecount="0"/>
        <line num="14" count="1" type="stmt"/>
        <line num="17" count="6" type="stmt"/>
        <line num="21" count="12" type="stmt"/>
        <line num="24" count="3" type="cond" truecount="2" falsecount="0"/>
        <line num="32" count="4" type="stmt"/>
      </file>
      <file name="HomeClient.tsx" path="D:\BIAN\UIG\university-helper\src\components\HomeClient.tsx">
        <metrics statements="128" coveredstatements="95" conditionals="101" coveredconditionals="49" methods="50" coveredmethods="33"/>
        <line num="3" count="1" type="stmt"/>
        <line num="4" count="1" type="stmt"/>
        <line num="6" count="1" type="stmt"/>
        <line num="7" count="1" type="stmt"/>
        <line num="9" count="1" type="stmt"/>
        <line num="12" count="1" type="stmt"/>
        <line num="15" count="1" type="stmt"/>
        <line num="17" count="1" type="stmt"/>
        <line num="18" count="52" type="stmt"/>
        <line num="19" count="0" type="stmt"/>
        <line num="20" count="0" type="stmt"/>
        <line num="21" count="0" type="cond" truecount="0" falsecount="4"/>
        <line num="22" count="0" type="cond" truecount="0" falsecount="2"/>
        <line num="23" count="0" type="cond" truecount="0" falsecount="2"/>
        <line num="24" count="0" type="cond" truecount="0" falsecount="2"/>
        <line num="25" count="0" type="cond" truecount="0" falsecount="2"/>
        <line num="26" count="0" type="cond" truecount="0" falsecount="4"/>
        <line num="27" count="20" type="stmt"/>
        <line num="31" count="0" type="cond" truecount="0" falsecount="4"/>
        <line num="32" count="0" type="cond" truecount="0" falsecount="4"/>
        <line num="38" count="26" type="stmt"/>
        <line num="39" count="26" type="stmt"/>
        <line num="40" count="26" type="stmt"/>
        <line num="41" count="26" type="cond" truecount="2" falsecount="2"/>
        <line num="42" count="26" type="cond" truecount="1" falsecount="1"/>
        <line num="43" count="26" type="cond" truecount="1" falsecount="1"/>
        <line num="44" count="26" type="cond" truecount="2" falsecount="2"/>
        <line num="45" count="26" type="stmt"/>
        <line num="52" count="1" type="stmt"/>
        <line num="53" count="33" type="stmt"/>
        <line num="54" count="33" type="stmt"/>
        <line num="55" count="33" type="stmt"/>
        <line num="56" count="33" type="stmt"/>
        <line num="57" count="33" type="stmt"/>
        <line num="58" count="33" type="stmt"/>
        <line num="59" count="33" type="stmt"/>
        <line num="60" count="33" type="stmt"/>
        <line num="63" count="33" type="stmt"/>
        <line num="64" count="19" type="stmt"/>
        <line num="65" count="19" type="cond" truecount="2" falsecount="0"/>
        <line num="66" count="4" type="stmt"/>
        <line num="67" count="4" type="stmt"/>
        <line num="69" count="20" type="cond" truecount="2" falsecount="0"/>
        <line num="73" count="19" type="cond" truecount="2" falsecount="0"/>
        <line num="74" count="19" type="cond" truecount="2" falsecount="0"/>
        <line num="75" count="19" type="cond" truecount="2" falsecount="0"/>
        <line num="76" count="19" type="stmt"/>
        <line num="80" count="33" type="stmt"/>
        <line num="81" count="23" type="cond" truecount="2" falsecount="0"/>
        <line num="82" count="3" type="stmt"/>
        <line num="83" count="3" type="stmt"/>
        <line num="84" count="3" type="stmt"/>
        <line num="85" count="3" type="stmt"/>
        <line num="86" count="26" type="stmt"/>
        <line num="87" count="26" type="cond" truecount="2" falsecount="0"/>
        <line num="90" count="3" type="stmt"/>
        <line num="93" count="33" type="stmt"/>
        <line num="94" count="33" type="stmt"/>
        <line num="98" count="4" type="stmt"/>
        <line num="99" count="4" type="stmt"/>
        <line num="100" count="4" type="cond" truecount="2" falsecount="0"/>
        <line num="101" count="2" type="cond" truecount="2" falsecount="0"/>
        <line num="102" count="1" type="stmt"/>
        <line num="103" count="1" type="stmt"/>
        <line num="104" count="1" type="stmt"/>
        <line num="106" count="1" type="stmt"/>
        <line num="111" count="33" type="stmt"/>
        <line num="113" count="33" type="stmt"/>
        <line num="114" count="0" type="stmt"/>
        <line num="118" count="33" type="stmt"/>
        <line num="119" count="19" type="stmt"/>
        <line num="120" count="19" type="stmt"/>
        <line num="121" count="19" type="cond" truecount="2" falsecount="2"/>
        <line num="122" count="0" type="stmt"/>
        <line num="124" count="0" type="cond" truecount="0" falsecount="4"/>
        <line num="128" count="0" type="stmt"/>
        <line num="129" count="0" type="stmt"/>
        <line num="132" count="33" type="stmt"/>
        <line num="133" count="19" type="stmt"/>
        <line num="136" count="33" type="stmt"/>
        <line num="137" count="11" type="stmt"/>
        <line num="138" count="11" type="stmt"/>
        <line num="139" count="11" type="cond" truecount="3" falsecount="1"/>
        <line num="140" count="11" type="stmt"/>
        <line num="141" count="11" type="stmt"/>
        <line num="142" count="11" type="stmt"/>
        <line num="143" count="11" type="stmt"/>
        <line num="146" count="33" type="stmt"/>
        <line num="147" count="11" type="stmt"/>
        <line num="148" count="11" type="cond" truecount="1" falsecount="1"/>
        <line num="150" count="11" type="stmt"/>
        <line num="153" count="0" type="cond" truecount="0" falsecount="2"/>
        <line num="154" count="0" type="stmt"/>
        <line num="155" count="0" type="stmt"/>
        <line num="156" count="0" type="stmt"/>
        <line num="157" count="0" type="stmt"/>
        <line num="161" count="0" type="cond" truecount="0" falsecount="2"/>
        <line num="162" count="0" type="stmt"/>
        <line num="163" count="0" type="stmt"/>
        <line num="164" count="0" type="cond" truecount="0" falsecount="4"/>
        <line num="165" count="0" type="stmt"/>
        <line num="166" count="0" type="stmt"/>
        <line num="167" count="0" type="stmt"/>
        <line num="172" count="0" type="cond" truecount="0" falsecount="2"/>
        <line num="173" count="0" type="stmt"/>
        <line num="174" count="0" type="stmt"/>
        <line num="175" count="0" type="cond" truecount="0" falsecount="2"/>
        <line num="176" count="0" type="stmt"/>
        <line num="177" count="0" type="stmt"/>
        <line num="181" count="11" type="stmt"/>
        <line num="182" count="11" type="stmt"/>
        <line num="183" count="11" type="stmt"/>
        <line num="185" count="11" type="stmt"/>
        <line num="186" count="11" type="stmt"/>
        <line num="187" count="11" type="stmt"/>
        <line num="188" count="11" type="stmt"/>
        <line num="192" count="33" type="stmt"/>
        <line num="210" count="5" type="stmt"/>
        <line num="212" count="1" type="stmt"/>
        <line num="215" count="1023" type="stmt"/>
        <line num="218" count="1" type="stmt"/>
        <line num="223" count="1" type="stmt"/>
        <line num="243" count="957" type="stmt"/>
        <line num="244" count="957" type="cond" truecount="2" falsecount="0"/>
        <line num="245" count="12771" type="cond" truecount="3" falsecount="0"/>
        <line num="246" count="957" type="stmt"/>
        <line num="247" count="4" type="cond" truecount="4" falsecount="0"/>
        <line num="260" count="115" type="stmt"/>
      </file>
      <file name="SchoolBgColor.tsx" path="D:\BIAN\UIG\university-helper\src\components\SchoolBgColor.tsx">
        <metrics statements="54" coveredstatements="36" conditionals="18" coveredconditionals="11" methods="7" coveredmethods="5"/>
        <line num="3" count="1" type="stmt"/>
        <line num="4" count="1" type="stmt"/>
        <line num="6" count="1" type="stmt"/>
        <line num="7" count="6" type="stmt"/>
        <line num="8" count="6" type="stmt"/>
        <line num="10" count="6" type="stmt"/>
        <line num="11" count="6" type="stmt"/>
        <line num="12" count="6" type="stmt"/>
        <line num="13" count="6" type="stmt"/>
        <line num="14" count="6" type="stmt"/>
        <line num="15" count="6" type="stmt"/>
        <line num="16" count="6" type="stmt"/>
        <line num="18" count="6" type="stmt"/>
        <line num="19" count="6" type="stmt"/>
        <line num="20" count="6" type="stmt"/>
        <line num="21" count="6" type="stmt"/>
        <line num="22" count="6" type="stmt"/>
        <line num="23" count="6" type="stmt"/>
        <line num="24" count="6" type="stmt"/>
        <line num="26" count="6" type="stmt"/>
        <line num="27" count="6" type="cond" truecount="2" falsecount="0"/>
        <line num="28" count="6" type="cond" truecount="2" falsecount="0"/>
        <line num="29" count="6" type="cond" truecount="2" falsecount="0"/>
        <line num="30" count="6" type="cond" truecount="2" falsecount="0"/>
        <line num="31" count="6" type="cond" truecount="2" falsecount="0"/>
        <line num="35" count="6" type="stmt"/>
        <line num="36" count="6" type="cond" truecount="1" falsecount="1"/>
        <line num="37" count="6" type="stmt"/>
        <line num="38" count="6" type="stmt"/>
        <line num="40" count="6" type="stmt"/>
        <line num="41" count="6" type="stmt"/>
        <line num="42" count="6" type="stmt"/>
        <line num="44" count="6" type="stmt"/>
        <line num="45" count="0" type="cond" truecount="0" falsecount="2"/>
        <line num="46" count="0" type="stmt"/>
        <line num="47" count="0" type="stmt"/>
        <line num="48" count="0" type="stmt"/>
        <line num="49" count="0" type="stmt"/>
        <line num="50" count="0" type="stmt"/>
        <line num="51" count="0" type="stmt"/>
        <line num="52" count="0" type="stmt"/>
        <line num="53" count="0" type="stmt"/>
        <line num="54" count="0" type="stmt"/>
        <line num="55" count="0" type="stmt"/>
        <line num="56" count="0" type="stmt"/>
        <line num="57" count="0" type="stmt"/>
        <line num="58" count="0" type="stmt"/>
        <line num="59" count="0" type="stmt"/>
        <line num="60" count="0" type="stmt"/>
        <line num="62" count="0" type="cond" truecount="0" falsecount="2"/>
        <line num="66" count="6" type="stmt"/>
        <line num="67" count="0" type="cond" truecount="0" falsecount="2"/>
        <line num="70" count="6" type="stmt"/>
        <line num="73" count="6" type="stmt"/>
      </file>
      <file name="SchoolCard.tsx" path="D:\BIAN\UIG\university-helper\src\components\SchoolCard.tsx">
        <metrics statements="23" coveredstatements="22" conditionals="50" coveredconditionals="45" methods="6" coveredmethods="5"/>
        <line num="2" count="1" type="stmt"/>
        <line num="3" count="1" type="stmt"/>
        <line num="4" count="1" type="stmt"/>
        <line num="6" count="1" type="stmt"/>
        <line num="8" count="1" type="stmt"/>
        <line num="10" count="1" type="stmt"/>
        <line num="11" count="18" type="stmt"/>
        <line num="12" count="164" type="stmt"/>
        <line num="13" count="18" type="stmt"/>
        <line num="14" count="18" type="stmt"/>
        <line num="15" count="18" type="stmt"/>
        <line num="16" count="0" type="stmt"/>
        <line num="22" count="1" type="cond" truecount="2" falsecount="0"/>
        <line num="30" count="54" type="cond" truecount="2" falsecount="0"/>
        <line num="38" count="360" type="cond" truecount="4" falsecount="0"/>
        <line num="39" count="360" type="cond" truecount="4" falsecount="0"/>
        <line num="40" count="360" type="cond" truecount="4" falsecount="0"/>
        <line num="41" count="292" type="stmt"/>
        <line num="43" count="68" type="cond" truecount="2" falsecount="0"/>
        <line num="44" count="1" type="cond" truecount="3" falsecount="1"/>
        <line num="45" count="1" type="stmt"/>
        <line num="47" count="67" type="cond" truecount="6" falsecount="2"/>
        <line num="48" count="67" type="stmt"/>
      </file>
    </package>
    <package name="lib">
      <metrics statements="134" coveredstatements="133" conditionals="65" coveredconditionals="53" methods="23" coveredmethods="23"/>
      <file name="colors.ts" path="D:\BIAN\UIG\university-helper\src\lib\colors.ts">
        <metrics statements="79" coveredstatements="78" conditionals="46" coveredconditionals="39" methods="10" coveredmethods="10"/>
        <line num="1" count="2" type="stmt"/>
        <line num="25" count="69" type="stmt"/>
        <line num="26" count="69" type="stmt"/>
        <line num="27" count="69" type="stmt"/>
        <line num="28" count="69" type="stmt"/>
        <line num="32" count="73" type="stmt"/>
        <line num="33" count="73" type="stmt"/>
        <line num="34" count="73" type="stmt"/>
        <line num="35" count="73" type="cond" truecount="2" falsecount="0"/>
        <line num="36" count="70" type="stmt"/>
        <line num="37" count="70" type="cond" truecount="2" falsecount="0"/>
        <line num="38" count="70" type="cond" truecount="3" falsecount="0"/>
        <line num="39" count="38" type="cond" truecount="2" falsecount="0"/>
        <line num="40" count="12" type="stmt"/>
        <line num="41" count="20" type="stmt"/>
        <line num="44" count="73" type="stmt"/>
        <line num="48" count="36" type="stmt"/>
        <line num="49" count="36" type="stmt"/>
        <line num="50" count="36" type="stmt"/>
        <line num="51" count="36" type="stmt"/>
        <line num="52" count="36" type="stmt"/>
        <line num="53" count="36" type="cond" truecount="2" falsecount="0"/>
        <line num="54" count="8" type="cond" truecount="1" falsecount="1"/>
        <line num="55" count="8" type="cond" truecount="1" falsecount="1"/>
        <line num="56" count="8" type="cond" truecount="2" falsecount="0"/>
        <line num="57" count="4" type="cond" truecount="1" falsecount="1"/>
        <line num="58" count="0" type="stmt"/>
        <line num="59" count="36" type="stmt"/>
        <line num="63" count="60" type="stmt"/>
        <line num="64" count="60" type="stmt"/>
        <line num="65" count="60" type="stmt"/>
        <line num="66" count="60" type="stmt"/>
        <line num="67" count="60" type="stmt"/>
        <line num="70" count="2" type="stmt"/>
        <line num="71" count="11" type="stmt"/>
        <line num="72" count="11" type="stmt"/>
        <line num="73" count="44" type="stmt"/>
        <line num="75" count="11" type="stmt"/>
        <line num="78" count="2" type="stmt"/>
        <line num="79" count="9" type="stmt"/>
        <line num="80" count="9" type="stmt"/>
        <line num="83" count="36" type="stmt"/>
        <line num="84" count="108" type="stmt"/>
        <line num="87" count="9" type="stmt"/>
        <line num="95" count="2" type="stmt"/>
        <line num="96" count="4" type="stmt"/>
        <line num="97" count="4" type="stmt"/>
        <line num="99" count="4" type="stmt"/>
        <line num="100" count="5" type="stmt"/>
        <line num="101" count="7" type="stmt"/>
        <line num="102" count="7" type="stmt"/>
        <line num="103" count="7" type="cond" truecount="2" falsecount="0"/>
        <line num="104" count="4" type="stmt"/>
        <line num="105" count="4" type="cond" truecount="4" falsecount="1"/>
        <line num="106" count="4" type="stmt"/>
        <line num="107" count="4" type="cond" truecount="2" falsecount="0"/>
        <line num="108" count="3" type="stmt"/>
        <line num="110" count="4" type="stmt"/>
        <line num="111" count="4" type="stmt"/>
        <line num="112" count="4" type="stmt"/>
        <line num="113" count="4" type="stmt"/>
        <line num="117" count="33" type="cond" truecount="2" falsecount="0"/>
        <line num="118" count="4" type="stmt"/>
        <line num="119" count="33" type="cond" truecount="7" falsecount="3"/>
        <line num="122" count="4" type="cond" truecount="4" falsecount="0"/>
        <line num="124" count="3" type="stmt"/>
        <line num="125" count="3" type="stmt"/>
        <line num="126" count="3" type="stmt"/>
        <line num="128" count="3" type="stmt"/>
        <line num="129" count="3" type="stmt"/>
        <line num="130" count="3" type="stmt"/>
        <line num="132" count="3" type="stmt"/>
        <line num="133" count="60" type="stmt"/>
        <line num="134" count="60" type="stmt"/>
        <line num="135" count="60" type="stmt"/>
        <line num="136" count="60" type="cond" truecount="2" falsecount="0"/>
        <line num="137" count="16" type="stmt"/>
        <line num="138" count="16" type="stmt"/>
        <line num="142" count="3" type="stmt"/>
      </file>
      <file name="constants.ts" path="D:\BIAN\UIG\university-helper\src\lib\constants.ts">
        <metrics statements="5" coveredstatements="5" conditionals="0" coveredconditionals="0" methods="1" coveredmethods="1"/>
        <line num="2" count="4" type="stmt"/>
        <line num="17" count="4" type="stmt"/>
        <line num="18" count="124" type="stmt"/>
        <line num="22" count="4" type="stmt"/>
        <line num="28" count="4" type="stmt"/>
      </file>
      <file name="data.ts" path="D:\BIAN\UIG\university-helper\src\lib\data.ts">
        <metrics statements="46" coveredstatements="46" conditionals="19" coveredconditionals="14" methods="12" coveredmethods="12"/>
        <line num="5" count="10" type="stmt"/>
        <line num="6" count="10" type="stmt"/>
        <line num="9" count="10" type="stmt"/>
        <line num="10" count="10" type="stmt"/>
        <line num="11" count="10" type="stmt"/>
        <line num="12" count="10" type="stmt"/>
        <line num="13" count="10" type="stmt"/>
        <line num="14" count="10" type="stmt"/>
        <line num="16" count="10" type="stmt"/>
        <line num="19" count="10" type="stmt"/>
        <line num="20" count="6" type="cond" truecount="1" falsecount="1"/>
        <line num="21" count="6" type="stmt"/>
        <line num="25" count="6" type="stmt"/>
        <line num="29" count="10" type="stmt"/>
        <line num="30" count="3" type="cond" truecount="1" falsecount="1"/>
        <line num="31" count="3" type="stmt"/>
        <line num="35" count="3" type="stmt"/>
        <line num="42" count="10" type="stmt"/>
        <line num="43" count="2" type="cond" truecount="1" falsecount="1"/>
        <line num="44" count="2" type="stmt"/>
        <line num="47" count="2" type="stmt"/>
        <line num="48" count="2" type="stmt"/>
        <line num="49" count="2" type="stmt"/>
        <line num="50" count="6894" type="stmt"/>
        <line num="51" count="6894" type="cond" truecount="2" falsecount="0"/>
        <line num="54" count="2" type="stmt"/>
        <line num="58" count="10" type="stmt"/>
        <line num="59" count="2" type="cond" truecount="1" falsecount="1"/>
        <line num="60" count="2" type="stmt"/>
        <line num="64" count="2" type="stmt"/>
        <line num="68" count="10" type="stmt"/>
        <line num="69" count="1" type="stmt"/>
        <line num="70" count="1" type="stmt"/>
        <line num="71" count="2987" type="stmt"/>
        <line num="79" count="10" type="stmt"/>
        <line num="80" count="3873" type="stmt"/>
        <line num="84" count="10" type="stmt"/>
        <line num="85" count="2" type="cond" truecount="1" falsecount="1"/>
        <line num="86" count="2" type="stmt"/>
        <line num="87" count="5974" type="stmt"/>
        <line num="88" count="2" type="stmt"/>
        <line num="89" count="6894" type="cond" truecount="2" falsecount="0"/>
        <line num="90" count="4414" type="stmt"/>
        <line num="94" count="2" type="stmt"/>
        <line num="98" count="10" type="stmt"/>
        <line num="99" count="2987" type="stmt"/>
      </file>
      <file name="types.ts" path="D:\BIAN\UIG\university-helper\src\lib\types.ts">
        <metrics statements="4" coveredstatements="4" conditionals="0" coveredconditionals="0" methods="0" coveredmethods="0"/>
        <line num="182" count="3" type="stmt"/>
        <line num="213" count="3" type="stmt"/>
        <line num="220" count="3" type="stmt"/>
        <line num="237" count="3" type="stmt"/>
      </file>
    </package>
  </project>
</coverage>
