{"D:\\BIAN\\UIG\\university-helper\\src\\app\\school\\[id]\\not-found.tsx": {"path":"D:\\BIAN\\UIG\\university-helper\\src\\app\\school\\[id]\\not-found.tsx","statementMap":{"0":{"start":{"line":2,"column":0},"end":{"line":2,"column":24}},"1":{"start":{"line":3,"column":2},"end":{"line":9,"column":null}}},"fnMap":{"0":{"name":"NotFound","decl":{"start":{"line":2,"column":24},"end":{"line":2,"column":32}},"loc":{"start":{"line":2,"column":32},"end":{"line":10,"column":1}}}},"branchMap":{},"s":{"0":1,"1":3},"f":{"0":3},"b":{}}
,"D:\\BIAN\\UIG\\university-helper\\src\\components\\CompareClient.tsx": {"path":"D:\\BIAN\\UIG\\university-helper\\src\\components\\CompareClient.tsx","statementMap":{"0":{"start":{"line":22,"column":0},"end":{"line":22,"column":24}},"1":{"start":{"line":3,"column":0},"end":{"line":3,"column":42}},"2":{"start":{"line":4,"column":0},"end":{"line":4,"column":68}},"3":{"start":{"line":28,"column":28},"end":{"line":28,"column":76}},"4":{"start":{"line":29,"column":28},"end":{"line":29,"column":46}},"5":{"start":{"line":31,"column":19},"end":{"line":37,"column":3}},"6":{"start":{"line":32,"column":14},"end":{"line":32,"column":36}},"7":{"start":{"line":33,"column":4},"end":{"line":33,"column":null}},"8":{"start":{"line":33,"column":12},"end":{"line":33,"column":null}},"9":{"start":{"line":34,"column":4},"end":{"line":36,"column":null}},"10":{"start":{"line":35,"column":21},"end":{"line":35,"column":90}},"11":{"start":{"line":39,"column":23},"end":{"line":43,"column":3}},"12":{"start":{"line":40,"column":19},"end":{"line":40,"column":66}},"13":{"start":{"line":40,"column":46},"end":{"line":40,"column":57}},"14":{"start":{"line":41,"column":4},"end":{"line":41,"column":null}},"15":{"start":{"line":41,"column":35},"end":{"line":41,"column":44}},"16":{"start":{"line":41,"column":46},"end":{"line":41,"column":60}},"17":{"start":{"line":41,"column":61},"end":{"line":41,"column":70}},"18":{"start":{"line":42,"column":4},"end":{"line":42,"column":null}},"19":{"start":{"line":42,"column":32},"end":{"line":42,"column":38}},"20":{"start":{"line":42,"column":40},"end":{"line":42,"column":50}},"21":{"start":{"line":42,"column":51},"end":{"line":42,"column":60}},"22":{"start":{"line":45,"column":23},"end":{"line":47,"column":3}},"23":{"start":{"line":46,"column":4},"end":{"line":46,"column":null}},"24":{"start":{"line":46,"column":35},"end":{"line":46,"column":44}},"25":{"start":{"line":46,"column":46},"end":{"line":46,"column":58}},"26":{"start":{"line":46,"column":59},"end":{"line":46,"column":68}},"27":{"start":{"line":49,"column":16},"end":{"line":49,"column":67}},"28":{"start":{"line":49,"column":56},"end":{"line":49,"column":66}},"29":{"start":{"line":51,"column":18},"end":{"line":54,"column":3}},"30":{"start":{"line":52,"column":4},"end":{"line":52,"column":null}},"31":{"start":{"line":53,"column":4},"end":{"line":53,"column":null}},"32":{"start":{"line":56,"column":24},"end":{"line":60,"column":3}},"33":{"start":{"line":57,"column":14},"end":{"line":57,"column":41}},"34":{"start":{"line":58,"column":4},"end":{"line":58,"column":null}},"35":{"start":{"line":58,"column":12},"end":{"line":58,"column":null}},"36":{"start":{"line":59,"column":4},"end":{"line":59,"column":null}},"37":{"start":{"line":62,"column":18},"end":{"line":68,"column":3}},"38":{"start":{"line":63,"column":24},"end":{"line":63,"column":26}},"39":{"start":{"line":64,"column":4},"end":{"line":64,"column":null}},"40":{"start":{"line":64,"column":24},"end":{"line":64,"column":null}},"41":{"start":{"line":65,"column":4},"end":{"line":65,"column":null}},"42":{"start":{"line":65,"column":24},"end":{"line":65,"column":null}},"43":{"start":{"line":66,"column":4},"end":{"line":66,"column":null}},"44":{"start":{"line":66,"column":44},"end":{"line":66,"column":null}},"45":{"start":{"line":67,"column":4},"end":{"line":67,"column":null}},"46":{"start":{"line":70,"column":92},"end":{"line":84,"column":null}},"47":{"start":{"line":71,"column":34},"end":{"line":71,"column":106}},"48":{"start":{"line":71,"column":56},"end":{"line":71,"column":78}},"49":{"start":{"line":72,"column":34},"end":{"line":72,"column":46}},"50":{"start":{"line":73,"column":34},"end":{"line":73,"column":47}},"51":{"start":{"line":74,"column":34},"end":{"line":74,"column":45}},"52":{"start":{"line":75,"column":34},"end":{"line":77,"column":6}},"53":{"start":{"line":76,"column":6},"end":{"line":76,"column":20}},"54":{"start":{"line":78,"column":36},"end":{"line":78,"column":56}},"55":{"start":{"line":79,"column":37},"end":{"line":79,"column":54}},"56":{"start":{"line":80,"column":38},"end":{"line":80,"column":55}},"57":{"start":{"line":81,"column":39},"end":{"line":81,"column":61}},"58":{"start":{"line":82,"column":39},"end":{"line":82,"column":61}},"59":{"start":{"line":83,"column":39},"end":{"line":83,"column":61}},"60":{"start":{"line":86,"column":2},"end":{"line":154,"column":null}},"61":{"start":{"line":99,"column":12},"end":{"line":99,"column":25}},"62":{"start":{"line":103,"column":41},"end":{"line":103,"column":56}},"63":{"start":{"line":111,"column":49},"end":{"line":111,"column":59}},"64":{"start":{"line":111,"column":61},"end":{"line":111,"column":83}},"65":{"start":{"line":111,"column":84},"end":{"line":111,"column":96}},"66":{"start":{"line":116,"column":24},"end":{"line":116,"column":40}},"67":{"start":{"line":116,"column":55},"end":{"line":116,"column":76}},"68":{"start":{"line":118,"column":48},"end":{"line":118,"column":92}},"69":{"start":{"line":119,"column":48},"end":{"line":119,"column":85}},"70":{"start":{"line":140,"column":32},"end":{"line":140,"column":48}},"71":{"start":{"line":142,"column":16},"end":{"line":142,"column":null}},"72":{"start":{"line":145,"column":20},"end":{"line":145,"column":54}}},"fnMap":{"0":{"name":"CompareClient","decl":{"start":{"line":22,"column":24},"end":{"line":22,"column":37}},"loc":{"start":{"line":27,"column":1},"end":{"line":155,"column":1}}},"1":{"name":"(anonymous_1)","decl":{"start":{"line":31,"column":19},"end":{"line":31,"column":20}},"loc":{"start":{"line":31,"column":33},"end":{"line":37,"column":3}}},"2":{"name":"(anonymous_2)","decl":{"start":{"line":35,"column":14},"end":{"line":35,"column":15}},"loc":{"start":{"line":35,"column":21},"end":{"line":35,"column":90}}},"3":{"name":"(anonymous_3)","decl":{"start":{"line":39,"column":23},"end":{"line":39,"column":24}},"loc":{"start":{"line":39,"column":49},"end":{"line":43,"column":3}}},"4":{"name":"(anonymous_4)","decl":{"start":{"line":40,"column":39},"end":{"line":40,"column":40}},"loc":{"start":{"line":40,"column":46},"end":{"line":40,"column":57}}},"5":{"name":"(anonymous_5)","decl":{"start":{"line":41,"column":13},"end":{"line":41,"column":14}},"loc":{"start":{"line":41,"column":22},"end":{"line":41,"column":71}}},"6":{"name":"(anonymous_6)","decl":{"start":{"line":42,"column":13},"end":{"line":42,"column":14}},"loc":{"start":{"line":42,"column":19},"end":{"line":42,"column":61}}},"7":{"name":"(anonymous_7)","decl":{"start":{"line":45,"column":23},"end":{"line":45,"column":24}},"loc":{"start":{"line":45,"column":37},"end":{"line":47,"column":3}}},"8":{"name":"(anonymous_8)","decl":{"start":{"line":46,"column":13},"end":{"line":46,"column":14}},"loc":{"start":{"line":46,"column":22},"end":{"line":46,"column":69}}},"9":{"name":"(anonymous_9)","decl":{"start":{"line":49,"column":29},"end":{"line":49,"column":30}},"loc":{"start":{"line":49,"column":56},"end":{"line":49,"column":66}}},"10":{"name":"(anonymous_10)","decl":{"start":{"line":51,"column":18},"end":{"line":51,"column":21}},"loc":{"start":{"line":51,"column":23},"end":{"line":54,"column":3}}},"11":{"name":"(anonymous_11)","decl":{"start":{"line":56,"column":24},"end":{"line":56,"column":25}},"loc":{"start":{"line":56,"column":58},"end":{"line":60,"column":3}}},"12":{"name":"(anonymous_12)","decl":{"start":{"line":62,"column":18},"end":{"line":62,"column":19}},"loc":{"start":{"line":62,"column":39},"end":{"line":68,"column":3}}},"13":{"name":"(anonymous_13)","decl":{"start":{"line":71,"column":27},"end":{"line":71,"column":28}},"loc":{"start":{"line":71,"column":33},"end":{"line":71,"column":106}}},"14":{"name":"(anonymous_14)","decl":{"start":{"line":71,"column":49},"end":{"line":71,"column":50}},"loc":{"start":{"line":71,"column":56},"end":{"line":71,"column":78}}},"15":{"name":"(anonymous_15)","decl":{"start":{"line":72,"column":27},"end":{"line":72,"column":28}},"loc":{"start":{"line":72,"column":34},"end":{"line":72,"column":46}}},"16":{"name":"(anonymous_16)","decl":{"start":{"line":73,"column":27},"end":{"line":73,"column":28}},"loc":{"start":{"line":73,"column":34},"end":{"line":73,"column":47}}},"17":{"name":"(anonymous_17)","decl":{"start":{"line":74,"column":27},"end":{"line":74,"column":28}},"loc":{"start":{"line":74,"column":34},"end":{"line":74,"column":45}}},"18":{"name":"(anonymous_18)","decl":{"start":{"line":75,"column":27},"end":{"line":75,"column":28}},"loc":{"start":{"line":75,"column":34},"end":{"line":77,"column":6}}},"19":{"name":"(anonymous_19)","decl":{"start":{"line":75,"column":49},"end":{"line":75,"column":50}},"loc":{"start":{"line":76,"column":6},"end":{"line":76,"column":20}}},"20":{"name":"(anonymous_20)","decl":{"start":{"line":78,"column":29},"end":{"line":78,"column":30}},"loc":{"start":{"line":78,"column":36},"end":{"line":78,"column":56}}},"21":{"name":"(anonymous_21)","decl":{"start":{"line":79,"column":30},"end":{"line":79,"column":31}},"loc":{"start":{"line":79,"column":37},"end":{"line":79,"column":54}}},"22":{"name":"(anonymous_22)","decl":{"start":{"line":80,"column":31},"end":{"line":80,"column":32}},"loc":{"start":{"line":80,"column":38},"end":{"line":80,"column":55}}},"23":{"name":"(anonymous_23)","decl":{"start":{"line":81,"column":32},"end":{"line":81,"column":33}},"loc":{"start":{"line":81,"column":39},"end":{"line":81,"column":61}}},"24":{"name":"(anonymous_24)","decl":{"start":{"line":82,"column":32},"end":{"line":82,"column":33}},"loc":{"start":{"line":82,"column":39},"end":{"line":82,"column":61}}},"25":{"name":"(anonymous_25)","decl":{"start":{"line":83,"column":32},"end":{"line":83,"column":33}},"loc":{"start":{"line":83,"column":39},"end":{"line":83,"column":61}}},"26":{"name":"(anonymous_26)","decl":{"start":{"line":98,"column":21},"end":{"line":98,"column":22}},"loc":{"start":{"line":99,"column":12},"end":{"line":99,"column":25}}},"27":{"name":"(anonymous_27)","decl":{"start":{"line":103,"column":35},"end":{"line":103,"column":38}},"loc":{"start":{"line":103,"column":41},"end":{"line":103,"column":56}}},"28":{"name":"(anonymous_28)","decl":{"start":{"line":111,"column":30},"end":{"line":111,"column":31}},"loc":{"start":{"line":111,"column":36},"end":{"line":111,"column":97}}},"29":{"name":"(anonymous_29)","decl":{"start":{"line":115,"column":39},"end":{"line":115,"column":40}},"loc":{"start":{"line":116,"column":24},"end":{"line":116,"column":40}}},"30":{"name":"(anonymous_30)","decl":{"start":{"line":116,"column":49},"end":{"line":116,"column":52}},"loc":{"start":{"line":116,"column":55},"end":{"line":116,"column":76}}},"31":{"name":"(anonymous_31)","decl":{"start":{"line":118,"column":40},"end":{"line":118,"column":41}},"loc":{"start":{"line":118,"column":48},"end":{"line":118,"column":92}}},"32":{"name":"(anonymous_32)","decl":{"start":{"line":119,"column":40},"end":{"line":119,"column":41}},"loc":{"start":{"line":119,"column":48},"end":{"line":119,"column":85}}},"33":{"name":"(anonymous_33)","decl":{"start":{"line":140,"column":25},"end":{"line":140,"column":26}},"loc":{"start":{"line":140,"column":32},"end":{"line":140,"column":48}}},"34":{"name":"(anonymous_34)","decl":{"start":{"line":141,"column":24},"end":{"line":141,"column":25}},"loc":{"start":{"line":142,"column":16},"end":{"line":142,"column":null}}},"35":{"name":"(anonymous_35)","decl":{"start":{"line":144,"column":29},"end":{"line":144,"column":30}},"loc":{"start":{"line":145,"column":20},"end":{"line":145,"column":54}}}},"branchMap":{"0":{"loc":{"start":{"line":33,"column":4},"end":{"line":33,"column":null}},"type":"if","locations":[{"start":{"line":33,"column":4},"end":{"line":33,"column":null}},{"start":{},"end":{}}]},"1":{"loc":{"start":{"line":35,"column":21},"end":{"line":35,"column":90}},"type":"binary-expr","locations":[{"start":{"line":35,"column":21},"end":{"line":35,"column":53}},{"start":{"line":35,"column":57},"end":{"line":35,"column":90}}]},"2":{"loc":{"start":{"line":40,"column":19},"end":{"line":40,"column":66}},"type":"binary-expr","locations":[{"start":{"line":40,"column":19},"end":{"line":40,"column":58}},{"start":{"line":40,"column":62},"end":{"line":40,"column":66}}]},"3":{"loc":{"start":{"line":57,"column":14},"end":{"line":57,"column":41}},"type":"cond-expr","locations":[{"start":{"line":57,"column":34},"end":{"line":57,"column":37}},{"start":{"line":57,"column":34},"end":{"line":57,"column":41}}]},"4":{"loc":{"start":{"line":57,"column":14},"end":{"line":57,"column":37}},"type":"binary-expr","locations":[{"start":{"line":57,"column":14},"end":{"line":57,"column":37}},{"start":{"line":57,"column":34},"end":{"line":57,"column":37}}]},"5":{"loc":{"start":{"line":58,"column":4},"end":{"line":58,"column":null}},"type":"if","locations":[{"start":{"line":58,"column":4},"end":{"line":58,"column":null}},{"start":{},"end":{}}]},"6":{"loc":{"start":{"line":59,"column":24},"end":{"line":59,"column":53}},"type":"binary-expr","locations":[{"start":{"line":59,"column":24},"end":{"line":59,"column":43}},{"start":{"line":59,"column":47},"end":{"line":59,"column":53}}]},"7":{"loc":{"start":{"line":64,"column":4},"end":{"line":64,"column":null}},"type":"if","locations":[{"start":{"line":64,"column":4},"end":{"line":64,"column":null}},{"start":{},"end":{}}]},"8":{"loc":{"start":{"line":65,"column":4},"end":{"line":65,"column":null}},"type":"if","locations":[{"start":{"line":65,"column":4},"end":{"line":65,"column":null}},{"start":{},"end":{}}]},"9":{"loc":{"start":{"line":66,"column":4},"end":{"line":66,"column":null}},"type":"if","locations":[{"start":{"line":66,"column":4},"end":{"line":66,"column":null}},{"start":{},"end":{}}]},"10":{"loc":{"start":{"line":66,"column":8},"end":{"line":66,"column":42}},"type":"cond-expr","locations":[{"start":{"line":66,"column":25},"end":{"line":66,"column":27}},{"start":{"line":66,"column":25},"end":{"line":66,"column":42}}]},"11":{"loc":{"start":{"line":66,"column":8},"end":{"line":66,"column":27}},"type":"binary-expr","locations":[{"start":{"line":66,"column":8},"end":{"line":66,"column":27}},{"start":{"line":66,"column":25},"end":{"line":66,"column":27}}]},"12":{"loc":{"start":{"line":71,"column":34},"end":{"line":71,"column":104}},"type":"binary-expr","locations":[{"start":{"line":71,"column":34},"end":{"line":71,"column":85}},{"start":{"line":71,"column":89},"end":{"line":71,"column":104}}]},"13":{"loc":{"start":{"line":71,"column":34},"end":{"line":71,"column":85}},"type":"cond-expr","locations":[{"start":{"line":71,"column":79},"end":{"line":71,"column":81}},{"start":{"line":71,"column":79},"end":{"line":71,"column":85}}]},"14":{"loc":{"start":{"line":71,"column":34},"end":{"line":71,"column":81}},"type":"binary-expr","locations":[{"start":{"line":71,"column":34},"end":{"line":71,"column":81}},{"start":{"line":71,"column":79},"end":{"line":71,"column":81}}]},"15":{"loc":{"start":{"line":78,"column":36},"end":{"line":78,"column":56}},"type":"binary-expr","locations":[{"start":{"line":78,"column":36},"end":{"line":78,"column":49}},{"start":{"line":78,"column":53},"end":{"line":78,"column":56}}]},"16":{"loc":{"start":{"line":79,"column":37},"end":{"line":79,"column":54}},"type":"binary-expr","locations":[{"start":{"line":79,"column":37},"end":{"line":79,"column":47}},{"start":{"line":79,"column":51},"end":{"line":79,"column":54}}]},"17":{"loc":{"start":{"line":80,"column":38},"end":{"line":80,"column":55}},"type":"binary-expr","locations":[{"start":{"line":80,"column":38},"end":{"line":80,"column":48}},{"start":{"line":80,"column":52},"end":{"line":80,"column":55}}]},"18":{"loc":{"start":{"line":100,"column":15},"end":{"line":125,"column":null}},"type":"cond-expr","locations":[{"start":{"line":101,"column":16},"end":{"line":106,"column":null}},{"start":{"line":109,"column":16},"end":{"line":124,"column":null}}]},"19":{"loc":{"start":{"line":113,"column":19},"end":{"line":123,"column":null}},"type":"binary-expr","locations":[{"start":{"line":113,"column":19},"end":{"line":113,"column":41}},{"start":{"line":114,"column":20},"end":{"line":122,"column":null}}]},"20":{"loc":{"start":{"line":129,"column":11},"end":{"line":132,"column":null}},"type":"binary-expr","locations":[{"start":{"line":129,"column":11},"end":{"line":129,"column":27}},{"start":{"line":130,"column":12},"end":{"line":130,"column":null}}]},"21":{"loc":{"start":{"line":136,"column":9},"end":{"line":150,"column":null}},"type":"binary-expr","locations":[{"start":{"line":136,"column":9},"end":{"line":136,"column":26}},{"start":{"line":137,"column":10},"end":{"line":149,"column":null}}]}},"s":{"0":1,"1":1,"2":1,"3":30,"4":30,"5":30,"6":57,"7":57,"8":37,"9":20,"10":60,"11":30,"12":8,"13":12,"14":8,"15":8,"16":8,"17":8,"18":8,"19":8,"20":8,"21":8,"22":30,"23":1,"24":1,"25":1,"26":1,"27":30,"28":61,"29":30,"30":1,"31":1,"32":30,"33":18,"34":18,"35":18,"36":0,"37":30,"38":6,"39":6,"40":6,"41":6,"42":6,"43":6,"44":6,"45":6,"46":30,"47":6,"48":14,"49":6,"50":6,"51":6,"52":6,"53":18,"54":6,"55":6,"56":6,"57":6,"58":6,"59":6,"60":30,"61":61,"62":1,"63":10,"64":10,"65":10,"66":10,"67":8,"68":0,"69":0,"70":6,"71":33,"72":66},"f":{"0":30,"1":57,"2":60,"3":8,"4":12,"5":8,"6":8,"7":1,"8":1,"9":61,"10":1,"11":18,"12":6,"13":6,"14":14,"15":6,"16":6,"17":6,"18":6,"19":18,"20":6,"21":6,"22":6,"23":6,"24":6,"25":6,"26":61,"27":1,"28":10,"29":10,"30":8,"31":0,"32":0,"33":6,"34":33,"35":66},"b":{"0":[37,20],"1":[60,46],"2":[8,0],"3":[18,0],"4":[18,18],"5":[18,0],"6":[0,0],"7":[6,0],"8":[6,0],"9":[6,0],"10":[0,6],"11":[6,6],"12":[6,0],"13":[0,6],"14":[6,6],"15":[6,1],"16":[6,6],"17":[6,6],"18":[14,47],"19":[47,10],"20":[30,30],"21":[30,3]}}
,"D:\\BIAN\\UIG\\university-helper\\src\\components\\FaqSection.tsx": {"path":"D:\\BIAN\\UIG\\university-helper\\src\\components\\FaqSection.tsx","statementMap":{"0":{"start":{"line":10,"column":0},"end":{"line":10,"column":24}},"1":{"start":{"line":3,"column":0},"end":{"line":3,"column":32}},"2":{"start":{"line":11,"column":36},"end":{"line":11,"column":65}},"3":{"start":{"line":13,"column":2},"end":{"line":15,"column":3}},"4":{"start":{"line":14,"column":4},"end":{"line":14,"column":null}},"5":{"start":{"line":17,"column":2},"end":{"line":44,"column":null}},"6":{"start":{"line":21,"column":8},"end":{"line":21,"column":21}},"7":{"start":{"line":24,"column":27},"end":{"line":24,"column":67}},"8":{"start":{"line":32,"column":16},"end":{"line":32,"column":29}}},"fnMap":{"0":{"name":"FaqSection","decl":{"start":{"line":10,"column":24},"end":{"line":10,"column":34}},"loc":{"start":{"line":10,"column":62},"end":{"line":45,"column":1}}},"1":{"name":"(anonymous_1)","decl":{"start":{"line":20,"column":23},"end":{"line":20,"column":24}},"loc":{"start":{"line":21,"column":8},"end":{"line":21,"column":21}}},"2":{"name":"(anonymous_2)","decl":{"start":{"line":24,"column":21},"end":{"line":24,"column":24}},"loc":{"start":{"line":24,"column":27},"end":{"line":24,"column":67}}},"3":{"name":"(anonymous_3)","decl":{"start":{"line":31,"column":32},"end":{"line":31,"column":33}},"loc":{"start":{"line":32,"column":16},"end":{"line":32,"column":29}}}},"branchMap":{"0":{"loc":{"start":{"line":13,"column":2},"end":{"line":15,"column":3}},"type":"if","locations":[{"start":{"line":13,"column":2},"end":{"line":15,"column":3}},{"start":{},"end":{}}]},"1":{"loc":{"start":{"line":13,"column":6},"end":{"line":13,"column":46}},"type":"binary-expr","locations":[{"start":{"line":13,"column":6},"end":{"line":13,"column":18}},{"start":{"line":13,"column":22},"end":{"line":13,"column":46}}]},"2":{"loc":{"start":{"line":24,"column":40},"end":{"line":24,"column":66}},"type":"cond-expr","locations":[{"start":{"line":24,"column":58},"end":{"line":24,"column":62}},{"start":{"line":24,"column":65},"end":{"line":24,"column":66}}]},"3":{"loc":{"start":{"line":27,"column":19},"end":{"line":27,"column":46}},"type":"cond-expr","locations":[{"start":{"line":27,"column":37},"end":{"line":27,"column":40}},{"start":{"line":27,"column":43},"end":{"line":27,"column":46}}]},"4":{"loc":{"start":{"line":29,"column":11},"end":{"line":39,"column":null}},"type":"binary-expr","locations":[{"start":{"line":29,"column":11},"end":{"line":29,"column":26}},{"start":{"line":30,"column":12},"end":{"line":38,"column":null}}]},"5":{"loc":{"start":{"line":35,"column":21},"end":{"line":35,"column":51}},"type":"cond-expr","locations":[{"start":{"line":35,"column":34},"end":{"line":35,"column":46}},{"start":{"line":35,"column":49},"end":{"line":35,"column":51}}]}},"s":{"0":1,"1":1,"2":7,"3":7,"4":1,"5":6,"6":12,"7":3,"8":4},"f":{"0":7,"1":12,"2":3,"3":4},"b":{"0":[1,6],"1":[7,7],"2":[1,2],"3":[2,10],"4":[12,2],"5":[4,0]}}
,"D:\\BIAN\\UIG\\university-helper\\src\\components\\HomeClient.tsx": {"path":"D:\\BIAN\\UIG\\university-helper\\src\\components\\HomeClient.tsx","statementMap":{"0":{"start":{"line":52,"column":0},"end":{"line":52,"column":24}},"1":{"start":{"line":3,"column":0},"end":{"line":3,"column":79}},"2":{"start":{"line":4,"column":0},"end":{"line":4,"column":43}},"3":{"start":{"line":6,"column":0},"end":{"line":6,"column":40}},"4":{"start":{"line":7,"column":0},"end":{"line":7,"column":48}},"5":{"start":{"line":9,"column":23},"end":{"line":9,"column":39}},"6":{"start":{"line":12,"column":25},"end":{"line":12,"column":26}},"7":{"start":{"line":15,"column":14},"end":{"line":15,"column":16}},"8":{"start":{"line":17,"column":16},"end":{"line":35,"column":null}},"9":{"start":{"line":18,"column":62},"end":{"line":18,"column":68}},"10":{"start":{"line":19,"column":65},"end":{"line":19,"column":75}},"11":{"start":{"line":20,"column":61},"end":{"line":20,"column":68}},"12":{"start":{"line":21,"column":62},"end":{"line":21,"column":116}},"13":{"start":{"line":22,"column":66},"end":{"line":22,"column":93}},"14":{"start":{"line":23,"column":60},"end":{"line":23,"column":90}},"15":{"start":{"line":24,"column":60},"end":{"line":24,"column":90}},"16":{"start":{"line":25,"column":60},"end":{"line":25,"column":90}},"17":{"start":{"line":26,"column":60},"end":{"line":26,"column":125}},"18":{"start":{"line":27,"column":28},"end":{"line":34,"column":4}},"19":{"start":{"line":31,"column":16},"end":{"line":31,"column":34}},"20":{"start":{"line":32,"column":6},"end":{"line":32,"column":null}},"21":{"start":{"line":38,"column":14},"end":{"line":38,"column":49}},"22":{"start":{"line":38,"column":34},"end":{"line":38,"column":47}},"23":{"start":{"line":39,"column":13},"end":{"line":39,"column":28}},"24":{"start":{"line":40,"column":13},"end":{"line":40,"column":28}},"25":{"start":{"line":41,"column":2},"end":{"line":41,"column":null}},"26":{"start":{"line":41,"column":34},"end":{"line":41,"column":null}},"27":{"start":{"line":42,"column":2},"end":{"line":42,"column":null}},"28":{"start":{"line":42,"column":19},"end":{"line":42,"column":null}},"29":{"start":{"line":43,"column":2},"end":{"line":43,"column":null}},"30":{"start":{"line":43,"column":19},"end":{"line":43,"column":null}},"31":{"start":{"line":44,"column":2},"end":{"line":44,"column":null}},"32":{"start":{"line":44,"column":56},"end":{"line":44,"column":null}},"33":{"start":{"line":45,"column":2},"end":{"line":45,"column":null}},"34":{"start":{"line":53,"column":28},"end":{"line":53,"column":40}},"35":{"start":{"line":54,"column":34},"end":{"line":54,"column":46}},"36":{"start":{"line":55,"column":28},"end":{"line":55,"column":40}},"37":{"start":{"line":56,"column":24},"end":{"line":56,"column":36}},"38":{"start":{"line":57,"column":28},"end":{"line":57,"column":43}},"39":{"start":{"line":58,"column":28},"end":{"line":58,"column":80}},"40":{"start":{"line":59,"column":18},"end":{"line":59,"column":46}},"41":{"start":{"line":60,"column":23},"end":{"line":60,"column":51}},"42":{"start":{"line":63,"column":19},"end":{"line":77,"column":44}},"43":{"start":{"line":64,"column":16},"end":{"line":64,"column":23}},"44":{"start":{"line":65,"column":4},"end":{"line":72,"column":5}},"45":{"start":{"line":66,"column":16},"end":{"line":66,"column":35}},"46":{"start":{"line":67,"column":6},"end":{"line":71,"column":null}},"47":{"start":{"line":69,"column":10},"end":{"line":70,"column":43}},"48":{"start":{"line":73,"column":4},"end":{"line":73,"column":null}},"49":{"start":{"line":73,"column":18},"end":{"line":73,"column":null}},"50":{"start":{"line":73,"column":46},"end":{"line":73,"column":69}},"51":{"start":{"line":74,"column":4},"end":{"line":74,"column":null}},"52":{"start":{"line":74,"column":15},"end":{"line":74,"column":null}},"53":{"start":{"line":74,"column":43},"end":{"line":74,"column":60}},"54":{"start":{"line":75,"column":4},"end":{"line":75,"column":null}},"55":{"start":{"line":75,"column":13},"end":{"line":75,"column":null}},"56":{"start":{"line":75,"column":41},"end":{"line":75,"column":61}},"57":{"start":{"line":76,"column":4},"end":{"line":76,"column":null}},"58":{"start":{"line":80,"column":17},"end":{"line":91,"column":23}},"59":{"start":{"line":81,"column":4},"end":{"line":81,"column":null}},"60":{"start":{"line":81,"column":28},"end":{"line":81,"column":null}},"61":{"start":{"line":82,"column":16},"end":{"line":82,"column":29}},"62":{"start":{"line":83,"column":4},"end":{"line":89,"column":5}},"63":{"start":{"line":83,"column":17},"end":{"line":83,"column":33}},"64":{"start":{"line":84,"column":27},"end":{"line":84,"column":35}},"65":{"start":{"line":85,"column":6},"end":{"line":88,"column":null}},"66":{"start":{"line":86,"column":20},"end":{"line":86,"column":38}},"67":{"start":{"line":87,"column":8},"end":{"line":87,"column":null}},"68":{"start":{"line":90,"column":4},"end":{"line":90,"column":null}},"69":{"start":{"line":93,"column":18},"end":{"line":93,"column":40}},"70":{"start":{"line":94,"column":18},"end":{"line":94,"column":39}},"71":{"start":{"line":98,"column":4},"end":{"line":107,"column":null}},"72":{"start":{"line":99,"column":18},"end":{"line":99,"column":54}},"73":{"start":{"line":99,"column":40},"end":{"line":99,"column":53}},"74":{"start":{"line":100,"column":6},"end":{"line":100,"column":null}},"75":{"start":{"line":100,"column":22},"end":{"line":100,"column":null}},"76":{"start":{"line":101,"column":6},"end":{"line":105,"column":7}},"77":{"start":{"line":102,"column":21},"end":{"line":102,"column":30}},"78":{"start":{"line":103,"column":8},"end":{"line":103,"column":null}},"79":{"start":{"line":104,"column":8},"end":{"line":104,"column":null}},"80":{"start":{"line":106,"column":6},"end":{"line":106,"column":null}},"81":{"start":{"line":106,"column":32},"end":{"line":106,"column":45}},"82":{"start":{"line":111,"column":22},"end":{"line":111,"column":50}},"83":{"start":{"line":113,"column":19},"end":{"line":115,"column":21}},"84":{"start":{"line":114,"column":4},"end":{"line":114,"column":null}},"85":{"start":{"line":114,"column":20},"end":{"line":114,"column":54}},"86":{"start":{"line":118,"column":2},"end":{"line":130,"column":null}},"87":{"start":{"line":119,"column":15},"end":{"line":119,"column":34}},"88":{"start":{"line":120,"column":17},"end":{"line":120,"column":32}},"89":{"start":{"line":121,"column":4},"end":{"line":121,"column":28}},"90":{"start":{"line":121,"column":22},"end":{"line":121,"column":28}},"91":{"start":{"line":122,"column":15},"end":{"line":126,"column":null}},"92":{"start":{"line":124,"column":8},"end":{"line":124,"column":null}},"93":{"start":{"line":124,"column":50},"end":{"line":124,"column":null}},"94":{"start":{"line":128,"column":4},"end":{"line":128,"column":null}},"95":{"start":{"line":129,"column":4},"end":{"line":129,"column":null}},"96":{"start":{"line":129,"column":17},"end":{"line":129,"column":32}},"97":{"start":{"line":132,"column":2},"end":{"line":134,"column":null}},"98":{"start":{"line":133,"column":4},"end":{"line":133,"column":null}},"99":{"start":{"line":136,"column":2},"end":{"line":144,"column":null}},"100":{"start":{"line":137,"column":15},"end":{"line":137,"column":30}},"101":{"start":{"line":138,"column":15},"end":{"line":138,"column":35}},"102":{"start":{"line":139,"column":4},"end":{"line":139,"column":26}},"103":{"start":{"line":139,"column":20},"end":{"line":139,"column":26}},"104":{"start":{"line":140,"column":20},"end":{"line":140,"column":85}},"105":{"start":{"line":140,"column":28},"end":{"line":140,"column":84}},"106":{"start":{"line":141,"column":4},"end":{"line":141,"column":null}},"107":{"start":{"line":142,"column":4},"end":{"line":142,"column":null}},"108":{"start":{"line":143,"column":4},"end":{"line":143,"column":null}},"109":{"start":{"line":143,"column":17},"end":{"line":143,"column":58}},"110":{"start":{"line":146,"column":2},"end":{"line":190,"column":null}},"111":{"start":{"line":147,"column":17},"end":{"line":147,"column":33}},"112":{"start":{"line":148,"column":4},"end":{"line":148,"column":21}},"113":{"start":{"line":148,"column":15},"end":{"line":148,"column":21}},"114":{"start":{"line":150,"column":17},"end":{"line":150,"column":22}},"115":{"start":{"line":150,"column":32},"end":{"line":150,"column":37}},"116":{"start":{"line":150,"column":48},"end":{"line":150,"column":49}},"117":{"start":{"line":150,"column":60},"end":{"line":150,"column":61}},"118":{"start":{"line":150,"column":76},"end":{"line":150,"column":77}},"119":{"start":{"line":150,"column":91},"end":{"line":150,"column":92}},"120":{"start":{"line":153,"column":6},"end":{"line":153,"column":32}},"121":{"start":{"line":153,"column":26},"end":{"line":153,"column":32}},"122":{"start":{"line":154,"column":6},"end":{"line":154,"column":20}},"123":{"start":{"line":154,"column":21},"end":{"line":154,"column":null}},"124":{"start":{"line":155,"column":6},"end":{"line":155,"column":25}},"125":{"start":{"line":155,"column":26},"end":{"line":155,"column":null}},"126":{"start":{"line":156,"column":6},"end":{"line":156,"column":35}},"127":{"start":{"line":156,"column":36},"end":{"line":156,"column":null}},"128":{"start":{"line":157,"column":6},"end":{"line":157,"column":null}},"129":{"start":{"line":161,"column":6},"end":{"line":161,"column":25}},"130":{"start":{"line":161,"column":19},"end":{"line":161,"column":25}},"131":{"start":{"line":162,"column":6},"end":{"line":162,"column":null}},"132":{"start":{"line":163,"column":17},"end":{"line":163,"column":35}},"133":{"start":{"line":163,"column":42},"end":{"line":163,"column":60}},"134":{"start":{"line":164,"column":6},"end":{"line":168,"column":7}},"135":{"start":{"line":165,"column":8},"end":{"line":165,"column":null}},"136":{"start":{"line":166,"column":8},"end":{"line":166,"column":null}},"137":{"start":{"line":167,"column":8},"end":{"line":167,"column":null}},"138":{"start":{"line":172,"column":6},"end":{"line":172,"column":25}},"139":{"start":{"line":172,"column":19},"end":{"line":172,"column":25}},"140":{"start":{"line":173,"column":6},"end":{"line":173,"column":null}},"141":{"start":{"line":174,"column":6},"end":{"line":174,"column":null}},"142":{"start":{"line":175,"column":6},"end":{"line":178,"column":7}},"143":{"start":{"line":176,"column":28},"end":{"line":176,"column":151}},"144":{"start":{"line":176,"column":50},"end":{"line":176,"column":71}},"145":{"start":{"line":176,"column":72},"end":{"line":176,"column":92}},"146":{"start":{"line":176,"column":93},"end":{"line":176,"column":150}},"147":{"start":{"line":177,"column":8},"end":{"line":177,"column":null}},"148":{"start":{"line":181,"column":4},"end":{"line":181,"column":null}},"149":{"start":{"line":182,"column":4},"end":{"line":182,"column":null}},"150":{"start":{"line":183,"column":4},"end":{"line":183,"column":null}},"151":{"start":{"line":185,"column":4},"end":{"line":189,"column":null}},"152":{"start":{"line":186,"column":6},"end":{"line":186,"column":null}},"153":{"start":{"line":187,"column":6},"end":{"line":187,"column":null}},"154":{"start":{"line":188,"column":6},"end":{"line":188,"column":null}},"155":{"start":{"line":192,"column":2},"end":{"line":274,"column":null}},"156":{"start":{"line":210,"column":35},"end":{"line":210,"column":60}},"157":{"start":{"line":212,"column":58},"end":{"line":212,"column":86}},"158":{"start":{"line":215,"column":18},"end":{"line":215,"column":37}},"159":{"start":{"line":218,"column":55},"end":{"line":218,"column":80}},"160":{"start":{"line":223,"column":53},"end":{"line":223,"column":76}},"161":{"start":{"line":243,"column":28},"end":{"line":243,"column":64}},"162":{"start":{"line":243,"column":46},"end":{"line":243,"column":63}},"163":{"start":{"line":244,"column":30},"end":{"line":244,"column":58}},"164":{"start":{"line":245,"column":32},"end":{"line":245,"column":124}},"165":{"start":{"line":245,"column":106},"end":{"line":245,"column":123}},"166":{"start":{"line":246,"column":18},"end":{"line":254,"column":null}},"167":{"start":{"line":247,"column":53},"end":{"line":247,"column":72}},"168":{"start":{"line":260,"column":16},"end":{"line":260,"column":48}}},"fnMap":{"0":{"name":"(anonymous_1)","decl":{"start":{"line":18,"column":42},"end":{"line":18,"column":43}},"loc":{"start":{"line":18,"column":62},"end":{"line":18,"column":68}}},"1":{"name":"(anonymous_2)","decl":{"start":{"line":19,"column":45},"end":{"line":19,"column":46}},"loc":{"start":{"line":19,"column":65},"end":{"line":19,"column":75}}},"2":{"name":"(anonymous_3)","decl":{"start":{"line":20,"column":41},"end":{"line":20,"column":42}},"loc":{"start":{"line":20,"column":61},"end":{"line":20,"column":68}}},"3":{"name":"(anonymous_4)","decl":{"start":{"line":21,"column":42},"end":{"line":21,"column":43}},"loc":{"start":{"line":21,"column":62},"end":{"line":21,"column":116}}},"4":{"name":"(anonymous_5)","decl":{"start":{"line":22,"column":46},"end":{"line":22,"column":47}},"loc":{"start":{"line":22,"column":66},"end":{"line":22,"column":93}}},"5":{"name":"(anonymous_6)","decl":{"start":{"line":23,"column":40},"end":{"line":23,"column":41}},"loc":{"start":{"line":23,"column":60},"end":{"line":23,"column":90}}},"6":{"name":"(anonymous_7)","decl":{"start":{"line":24,"column":40},"end":{"line":24,"column":41}},"loc":{"start":{"line":24,"column":60},"end":{"line":24,"column":90}}},"7":{"name":"(anonymous_8)","decl":{"start":{"line":25,"column":40},"end":{"line":25,"column":41}},"loc":{"start":{"line":25,"column":60},"end":{"line":25,"column":90}}},"8":{"name":"(anonymous_9)","decl":{"start":{"line":26,"column":40},"end":{"line":26,"column":41}},"loc":{"start":{"line":26,"column":60},"end":{"line":26,"column":125}}},"9":{"name":"(anonymous_10)","decl":{"start":{"line":27,"column":20},"end":{"line":27,"column":21}},"loc":{"start":{"line":27,"column":28},"end":{"line":34,"column":4}}},"10":{"name":"(anonymous_11)","decl":{"start":{"line":30,"column":14},"end":{"line":30,"column":15}},"loc":{"start":{"line":30,"column":33},"end":{"line":33,"column":5}}},"11":{"name":"compare","decl":{"start":{"line":37,"column":9},"end":{"line":37,"column":16}},"loc":{"start":{"line":37,"column":60},"end":{"line":46,"column":1}}},"12":{"name":"(anonymous_13)","decl":{"start":{"line":38,"column":27},"end":{"line":38,"column":28}},"loc":{"start":{"line":38,"column":34},"end":{"line":38,"column":47}}},"13":{"name":"HomeClient","decl":{"start":{"line":52,"column":24},"end":{"line":52,"column":34}},"loc":{"start":{"line":52,"column":74},"end":{"line":275,"column":1}}},"14":{"name":"(anonymous_15)","decl":{"start":{"line":63,"column":27},"end":{"line":63,"column":30}},"loc":{"start":{"line":63,"column":32},"end":{"line":77,"column":3}}},"15":{"name":"(anonymous_16)","decl":{"start":{"line":68,"column":8},"end":{"line":68,"column":9}},"loc":{"start":{"line":69,"column":10},"end":{"line":70,"column":43}}},"16":{"name":"(anonymous_17)","decl":{"start":{"line":73,"column":39},"end":{"line":73,"column":40}},"loc":{"start":{"line":73,"column":46},"end":{"line":73,"column":69}}},"17":{"name":"(anonymous_18)","decl":{"start":{"line":74,"column":36},"end":{"line":74,"column":37}},"loc":{"start":{"line":74,"column":43},"end":{"line":74,"column":60}}},"18":{"name":"(anonymous_19)","decl":{"start":{"line":75,"column":34},"end":{"line":75,"column":35}},"loc":{"start":{"line":75,"column":41},"end":{"line":75,"column":61}}},"19":{"name":"(anonymous_20)","decl":{"start":{"line":80,"column":25},"end":{"line":80,"column":28}},"loc":{"start":{"line":80,"column":30},"end":{"line":91,"column":3}}},"20":{"name":"(anonymous_21)","decl":{"start":{"line":85,"column":17},"end":{"line":85,"column":18}},"loc":{"start":{"line":85,"column":26},"end":{"line":88,"column":7}}},"21":{"name":"toggleSort","decl":{"start":{"line":97,"column":11},"end":{"line":97,"column":21}},"loc":{"start":{"line":97,"column":33},"end":{"line":108,"column":3}}},"22":{"name":"(anonymous_23)","decl":{"start":{"line":98,"column":13},"end":{"line":98,"column":14}},"loc":{"start":{"line":98,"column":22},"end":{"line":107,"column":5}}},"23":{"name":"(anonymous_24)","decl":{"start":{"line":99,"column":33},"end":{"line":99,"column":34}},"loc":{"start":{"line":99,"column":40},"end":{"line":99,"column":53}}},"24":{"name":"(anonymous_25)","decl":{"start":{"line":106,"column":25},"end":{"line":106,"column":26}},"loc":{"start":{"line":106,"column":32},"end":{"line":106,"column":45}}},"25":{"name":"(anonymous_26)","decl":{"start":{"line":113,"column":31},"end":{"line":113,"column":34}},"loc":{"start":{"line":113,"column":36},"end":{"line":115,"column":3}}},"26":{"name":"(anonymous_27)","decl":{"start":{"line":114,"column":13},"end":{"line":114,"column":14}},"loc":{"start":{"line":114,"column":20},"end":{"line":114,"column":54}}},"27":{"name":"(anonymous_28)","decl":{"start":{"line":118,"column":12},"end":{"line":118,"column":15}},"loc":{"start":{"line":118,"column":17},"end":{"line":130,"column":3}}},"28":{"name":"(anonymous_29)","decl":{"start":{"line":123,"column":6},"end":{"line":123,"column":7}},"loc":{"start":{"line":123,"column":18},"end":{"line":125,"column":7}}},"29":{"name":"(anonymous_30)","decl":{"start":{"line":129,"column":11},"end":{"line":129,"column":14}},"loc":{"start":{"line":129,"column":17},"end":{"line":129,"column":32}}},"30":{"name":"(anonymous_31)","decl":{"start":{"line":132,"column":12},"end":{"line":132,"column":15}},"loc":{"start":{"line":132,"column":17},"end":{"line":134,"column":3}}},"31":{"name":"(anonymous_32)","decl":{"start":{"line":136,"column":12},"end":{"line":136,"column":15}},"loc":{"start":{"line":136,"column":17},"end":{"line":144,"column":3}}},"32":{"name":"(anonymous_33)","decl":{"start":{"line":140,"column":20},"end":{"line":140,"column":23}},"loc":{"start":{"line":140,"column":25},"end":{"line":140,"column":85}}},"33":{"name":"(anonymous_34)","decl":{"start":{"line":143,"column":11},"end":{"line":143,"column":14}},"loc":{"start":{"line":143,"column":17},"end":{"line":143,"column":58}}},"34":{"name":"(anonymous_35)","decl":{"start":{"line":146,"column":12},"end":{"line":146,"column":15}},"loc":{"start":{"line":146,"column":17},"end":{"line":190,"column":3}}},"35":{"name":"onMouseDown","decl":{"start":{"line":152,"column":13},"end":{"line":152,"column":24}},"loc":{"start":{"line":152,"column":38},"end":{"line":158,"column":5}}},"36":{"name":"onMouseMove","decl":{"start":{"line":160,"column":13},"end":{"line":160,"column":24}},"loc":{"start":{"line":160,"column":38},"end":{"line":169,"column":5}}},"37":{"name":"onMouseUp","decl":{"start":{"line":171,"column":13},"end":{"line":171,"column":22}},"loc":{"start":{"line":171,"column":22},"end":{"line":179,"column":5}}},"38":{"name":"(anonymous_39)","decl":{"start":{"line":176,"column":28},"end":{"line":176,"column":29}},"loc":{"start":{"line":176,"column":47},"end":{"line":176,"column":151}}},"39":{"name":"(anonymous_40)","decl":{"start":{"line":185,"column":11},"end":{"line":185,"column":14}},"loc":{"start":{"line":185,"column":16},"end":{"line":189,"column":5}}},"40":{"name":"(anonymous_41)","decl":{"start":{"line":210,"column":26},"end":{"line":210,"column":27}},"loc":{"start":{"line":210,"column":32},"end":{"line":210,"column":61}}},"41":{"name":"(anonymous_42)","decl":{"start":{"line":212,"column":49},"end":{"line":212,"column":50}},"loc":{"start":{"line":212,"column":55},"end":{"line":212,"column":87}}},"42":{"name":"(anonymous_43)","decl":{"start":{"line":214,"column":31},"end":{"line":214,"column":32}},"loc":{"start":{"line":215,"column":18},"end":{"line":215,"column":37}}},"43":{"name":"(anonymous_44)","decl":{"start":{"line":218,"column":46},"end":{"line":218,"column":47}},"loc":{"start":{"line":218,"column":52},"end":{"line":218,"column":81}}},"44":{"name":"(anonymous_45)","decl":{"start":{"line":223,"column":44},"end":{"line":223,"column":45}},"loc":{"start":{"line":223,"column":50},"end":{"line":223,"column":77}}},"45":{"name":"(anonymous_46)","decl":{"start":{"line":242,"column":29},"end":{"line":242,"column":30}},"loc":{"start":{"line":242,"column":40},"end":{"line":255,"column":17}}},"46":{"name":"(anonymous_47)","decl":{"start":{"line":243,"column":39},"end":{"line":243,"column":40}},"loc":{"start":{"line":243,"column":46},"end":{"line":243,"column":63}}},"47":{"name":"(anonymous_48)","decl":{"start":{"line":245,"column":99},"end":{"line":245,"column":100}},"loc":{"start":{"line":245,"column":106},"end":{"line":245,"column":123}}},"48":{"name":"(anonymous_49)","decl":{"start":{"line":247,"column":47},"end":{"line":247,"column":50}},"loc":{"start":{"line":247,"column":53},"end":{"line":247,"column":72}}},"49":{"name":"(anonymous_50)","decl":{"start":{"line":259,"column":27},"end":{"line":259,"column":28}},"loc":{"start":{"line":260,"column":16},"end":{"line":260,"column":48}}}},"branchMap":{"0":{"loc":{"start":{"line":21,"column":62},"end":{"line":21,"column":116}},"type":"cond-expr","locations":[{"start":{"line":21,"column":93},"end":{"line":21,"column":109}},{"start":{"line":21,"column":112},"end":{"line":21,"column":116}}]},"1":{"loc":{"start":{"line":21,"column":62},"end":{"line":21,"column":90}},"type":"binary-expr","locations":[{"start":{"line":21,"column":62},"end":{"line":21,"column":70}},{"start":{"line":21,"column":74},"end":{"line":21,"column":90}}]},"2":{"loc":{"start":{"line":22,"column":66},"end":{"line":22,"column":93}},"type":"binary-expr","locations":[{"start":{"line":22,"column":66},"end":{"line":22,"column":85}},{"start":{"line":22,"column":89},"end":{"line":22,"column":93}}]},"3":{"loc":{"start":{"line":23,"column":60},"end":{"line":23,"column":90}},"type":"cond-expr","locations":[{"start":{"line":23,"column":85},"end":{"line":23,"column":86}},{"start":{"line":23,"column":89},"end":{"line":23,"column":90}}]},"4":{"loc":{"start":{"line":24,"column":60},"end":{"line":24,"column":90}},"type":"cond-expr","locations":[{"start":{"line":24,"column":85},"end":{"line":24,"column":86}},{"start":{"line":24,"column":89},"end":{"line":24,"column":90}}]},"5":{"loc":{"start":{"line":25,"column":60},"end":{"line":25,"column":90}},"type":"cond-expr","locations":[{"start":{"line":25,"column":85},"end":{"line":25,"column":86}},{"start":{"line":25,"column":89},"end":{"line":25,"column":90}}]},"6":{"loc":{"start":{"line":26,"column":60},"end":{"line":26,"column":125}},"type":"cond-expr","locations":[{"start":{"line":26,"column":84},"end":{"line":26,"column":88}},{"start":{"line":26,"column":91},"end":{"line":26,"column":125}}]},"7":{"loc":{"start":{"line":26,"column":91},"end":{"line":26,"column":125}},"type":"cond-expr","locations":[{"start":{"line":26,"column":115},"end":{"line":26,"column":119}},{"start":{"line":26,"column":122},"end":{"line":26,"column":125}}]},"8":{"loc":{"start":{"line":31,"column":16},"end":{"line":31,"column":34}},"type":"cond-expr","locations":[{"start":{"line":31,"column":25},"end":{"line":31,"column":28}},{"start":{"line":31,"column":25},"end":{"line":31,"column":34}}]},"9":{"loc":{"start":{"line":31,"column":16},"end":{"line":31,"column":28}},"type":"binary-expr","locations":[{"start":{"line":31,"column":16},"end":{"line":31,"column":28}},{"start":{"line":31,"column":25},"end":{"line":31,"column":28}}]},"10":{"loc":{"start":{"line":32,"column":13},"end":{"line":32,"column":53}},"type":"cond-expr","locations":[{"start":{"line":32,"column":45},"end":{"line":32,"column":46}},{"start":{"line":32,"column":49},"end":{"line":32,"column":53}}]},"11":{"loc":{"start":{"line":32,"column":13},"end":{"line":32,"column":42}},"type":"binary-expr","locations":[{"start":{"line":32,"column":13},"end":{"line":32,"column":28}},{"start":{"line":32,"column":32},"end":{"line":32,"column":42}}]},"12":{"loc":{"start":{"line":41,"column":2},"end":{"line":41,"column":null}},"type":"if","locations":[{"start":{"line":41,"column":2},"end":{"line":41,"column":null}},{"start":{},"end":{}}]},"13":{"loc":{"start":{"line":41,"column":6},"end":{"line":41,"column":32}},"type":"binary-expr","locations":[{"start":{"line":41,"column":6},"end":{"line":41,"column":17}},{"start":{"line":41,"column":21},"end":{"line":41,"column":32}}]},"14":{"loc":{"start":{"line":42,"column":2},"end":{"line":42,"column":null}},"type":"if","locations":[{"start":{"line":42,"column":2},"end":{"line":42,"column":null}},{"start":{},"end":{}}]},"15":{"loc":{"start":{"line":43,"column":2},"end":{"line":43,"column":null}},"type":"if","locations":[{"start":{"line":43,"column":2},"end":{"line":43,"column":null}},{"start":{},"end":{}}]},"16":{"loc":{"start":{"line":44,"column":2},"end":{"line":44,"column":null}},"type":"if","locations":[{"start":{"line":44,"column":2},"end":{"line":44,"column":null}},{"start":{},"end":{}}]},"17":{"loc":{"start":{"line":44,"column":6},"end":{"line":44,"column":54}},"type":"binary-expr","locations":[{"start":{"line":44,"column":6},"end":{"line":44,"column":28}},{"start":{"line":44,"column":32},"end":{"line":44,"column":54}}]},"18":{"loc":{"start":{"line":65,"column":4},"end":{"line":72,"column":5}},"type":"if","locations":[{"start":{"line":65,"column":4},"end":{"line":72,"column":5}},{"start":{},"end":{}}]},"19":{"loc":{"start":{"line":69,"column":10},"end":{"line":70,"column":43}},"type":"binary-expr","locations":[{"start":{"line":69,"column":10},"end":{"line":69,"column":42}},{"start":{"line":70,"column":10},"end":{"line":70,"column":43}}]},"20":{"loc":{"start":{"line":73,"column":4},"end":{"line":73,"column":null}},"type":"if","locations":[{"start":{"line":73,"column":4},"end":{"line":73,"column":null}},{"start":{},"end":{}}]},"21":{"loc":{"start":{"line":74,"column":4},"end":{"line":74,"column":null}},"type":"if","locations":[{"start":{"line":74,"column":4},"end":{"line":74,"column":null}},{"start":{},"end":{}}]},"22":{"loc":{"start":{"line":75,"column":4},"end":{"line":75,"column":null}},"type":"if","locations":[{"start":{"line":75,"column":4},"end":{"line":75,"column":null}},{"start":{},"end":{}}]},"23":{"loc":{"start":{"line":81,"column":4},"end":{"line":81,"column":null}},"type":"if","locations":[{"start":{"line":81,"column":4},"end":{"line":81,"column":null}},{"start":{},"end":{}}]},"24":{"loc":{"start":{"line":87,"column":15},"end":{"line":87,"column":41}},"type":"cond-expr","locations":[{"start":{"line":87,"column":31},"end":{"line":87,"column":34}},{"start":{"line":87,"column":37},"end":{"line":87,"column":41}}]},"25":{"loc":{"start":{"line":100,"column":6},"end":{"line":100,"column":null}},"type":"if","locations":[{"start":{"line":100,"column":6},"end":{"line":100,"column":null}},{"start":{},"end":{}}]},"26":{"loc":{"start":{"line":101,"column":6},"end":{"line":105,"column":7}},"type":"if","locations":[{"start":{"line":101,"column":6},"end":{"line":105,"column":7}},{"start":{},"end":{}}]},"27":{"loc":{"start":{"line":121,"column":4},"end":{"line":121,"column":28}},"type":"if","locations":[{"start":{"line":121,"column":4},"end":{"line":121,"column":28}},{"start":{},"end":{}}]},"28":{"loc":{"start":{"line":121,"column":8},"end":{"line":121,"column":20}},"type":"binary-expr","locations":[{"start":{"line":121,"column":8},"end":{"line":121,"column":11}},{"start":{"line":121,"column":15},"end":{"line":121,"column":20}}]},"29":{"loc":{"start":{"line":124,"column":8},"end":{"line":124,"column":null}},"type":"if","locations":[{"start":{"line":124,"column":8},"end":{"line":124,"column":null}},{"start":{},"end":{}}]},"30":{"loc":{"start":{"line":124,"column":12},"end":{"line":124,"column":48}},"type":"binary-expr","locations":[{"start":{"line":124,"column":12},"end":{"line":124,"column":37}},{"start":{"line":124,"column":41},"end":{"line":124,"column":48}}]},"31":{"loc":{"start":{"line":139,"column":4},"end":{"line":139,"column":26}},"type":"if","locations":[{"start":{"line":139,"column":4},"end":{"line":139,"column":26}},{"start":{},"end":{}}]},"32":{"loc":{"start":{"line":139,"column":8},"end":{"line":139,"column":18}},"type":"binary-expr","locations":[{"start":{"line":139,"column":8},"end":{"line":139,"column":11}},{"start":{"line":139,"column":15},"end":{"line":139,"column":18}}]},"33":{"loc":{"start":{"line":148,"column":4},"end":{"line":148,"column":21}},"type":"if","locations":[{"start":{"line":148,"column":4},"end":{"line":148,"column":21}},{"start":{},"end":{}}]},"34":{"loc":{"start":{"line":153,"column":6},"end":{"line":153,"column":32}},"type":"if","locations":[{"start":{"line":153,"column":6},"end":{"line":153,"column":32}},{"start":{},"end":{}}]},"35":{"loc":{"start":{"line":161,"column":6},"end":{"line":161,"column":25}},"type":"if","locations":[{"start":{"line":161,"column":6},"end":{"line":161,"column":25}},{"start":{},"end":{}}]},"36":{"loc":{"start":{"line":164,"column":6},"end":{"line":168,"column":7}},"type":"if","locations":[{"start":{"line":164,"column":6},"end":{"line":168,"column":7}},{"start":{},"end":{}}]},"37":{"loc":{"start":{"line":164,"column":10},"end":{"line":164,"column":46}},"type":"binary-expr","locations":[{"start":{"line":164,"column":10},"end":{"line":164,"column":26}},{"start":{"line":164,"column":30},"end":{"line":164,"column":46}}]},"38":{"loc":{"start":{"line":172,"column":6},"end":{"line":172,"column":25}},"type":"if","locations":[{"start":{"line":172,"column":6},"end":{"line":172,"column":25}},{"start":{},"end":{}}]},"39":{"loc":{"start":{"line":175,"column":6},"end":{"line":178,"column":7}},"type":"if","locations":[{"start":{"line":175,"column":6},"end":{"line":178,"column":7}},{"start":{},"end":{}}]},"40":{"loc":{"start":{"line":233,"column":17},"end":{"line":233,"column":62}},"type":"binary-expr","locations":[{"start":{"line":233,"column":17},"end":{"line":233,"column":51}},{"start":{"line":233,"column":55},"end":{"line":233,"column":62}}]},"41":{"loc":{"start":{"line":244,"column":30},"end":{"line":244,"column":58}},"type":"cond-expr","locations":[{"start":{"line":244,"column":34},"end":{"line":244,"column":54}},{"start":{"line":244,"column":57},"end":{"line":244,"column":58}}]},"42":{"loc":{"start":{"line":245,"column":32},"end":{"line":245,"column":124}},"type":"binary-expr","locations":[{"start":{"line":245,"column":32},"end":{"line":245,"column":53}},{"start":{"line":245,"column":57},"end":{"line":245,"column":79}},{"start":{"line":245,"column":83},"end":{"line":245,"column":124}}]},"43":{"loc":{"start":{"line":247,"column":99},"end":{"line":247,"column":125}},"type":"cond-expr","locations":[{"start":{"line":247,"column":107},"end":{"line":247,"column":120}},{"start":{"line":247,"column":123},"end":{"line":247,"column":125}}]},"44":{"loc":{"start":{"line":247,"column":130},"end":{"line":247,"column":157}},"type":"cond-expr","locations":[{"start":{"line":247,"column":140},"end":{"line":247,"column":152}},{"start":{"line":247,"column":155},"end":{"line":247,"column":157}}]},"45":{"loc":{"start":{"line":249,"column":59},"end":{"line":249,"column":79}},"type":"cond-expr","locations":[{"start":{"line":249,"column":63},"end":{"line":249,"column":74}},{"start":{"line":249,"column":77},"end":{"line":249,"column":79}}]},"46":{"loc":{"start":{"line":250,"column":25},"end":{"line":250,"column":63}},"type":"cond-expr","locations":[{"start":{"line":250,"column":30},"end":{"line":250,"column":57}},{"start":{"line":250,"column":61},"end":{"line":250,"column":63}}]},"47":{"loc":{"start":{"line":250,"column":30},"end":{"line":250,"column":57}},"type":"cond-expr","locations":[{"start":{"line":250,"column":48},"end":{"line":250,"column":51}},{"start":{"line":250,"column":54},"end":{"line":250,"column":57}}]},"48":{"loc":{"start":{"line":251,"column":25},"end":{"line":251,"column":52}},"type":"binary-expr","locations":[{"start":{"line":251,"column":25},"end":{"line":251,"column":32}},{"start":{"line":251,"column":36},"end":{"line":251,"column":52}}]},"49":{"loc":{"start":{"line":264,"column":11},"end":{"line":264,"column":78}},"type":"binary-expr","locations":[{"start":{"line":264,"column":11},"end":{"line":264,"column":18}},{"start":{"line":264,"column":22},"end":{"line":264,"column":78}}]}},"s":{"0":1,"1":1,"2":1,"3":1,"4":1,"5":1,"6":1,"7":1,"8":1,"9":52,"10":0,"11":0,"12":0,"13":0,"14":0,"15":0,"16":0,"17":0,"18":20,"19":0,"20":0,"21":26,"22":26,"23":26,"24":26,"25":26,"26":0,"27":26,"28":0,"29":26,"30":0,"31":26,"32":0,"33":26,"34":33,"35":33,"36":33,"37":33,"38":33,"39":33,"40":33,"41":33,"42":33,"43":19,"44":19,"45":4,"46":4,"47":20,"48":19,"49":1,"50":5,"51":19,"52":1,"53":5,"54":19,"55":1,"56":5,"57":19,"58":33,"59":23,"60":20,"61":3,"62":3,"63":3,"64":3,"65":3,"66":26,"67":26,"68":3,"69":33,"70":33,"71":4,"72":4,"73":2,"74":4,"75":2,"76":2,"77":1,"78":1,"79":1,"80":1,"81":1,"82":33,"83":33,"84":0,"85":0,"86":33,"87":19,"88":19,"89":19,"90":19,"91":0,"92":0,"93":0,"94":0,"95":0,"96":0,"97":33,"98":19,"99":33,"100":11,"101":11,"102":11,"103":0,"104":11,"105":11,"106":11,"107":11,"108":11,"109":11,"110":33,"111":11,"112":11,"113":0,"114":11,"115":11,"116":11,"117":11,"118":11,"119":11,"120":0,"121":0,"122":0,"123":0,"124":0,"125":0,"126":0,"127":0,"128":0,"129":0,"130":0,"131":0,"132":0,"133":0,"134":0,"135":0,"136":0,"137":0,"138":0,"139":0,"140":0,"141":0,"142":0,"143":0,"144":0,"145":0,"146":0,"147":0,"148":11,"149":11,"150":11,"151":11,"152":11,"153":11,"154":11,"155":33,"156":5,"157":1,"158":1023,"159":1,"160":1,"161":957,"162":145,"163":957,"164":957,"165":12771,"166":957,"167":4,"168":115},"f":{"0":52,"1":0,"2":0,"3":0,"4":0,"5":0,"6":0,"7":0,"8":0,"9":20,"10":0,"11":26,"12":26,"13":33,"14":19,"15":20,"16":5,"17":5,"18":5,"19":23,"20":26,"21":4,"22":4,"23":2,"24":1,"25":0,"26":0,"27":19,"28":0,"29":0,"30":19,"31":11,"32":11,"33":11,"34":11,"35":0,"36":0,"37":0,"38":0,"39":11,"40":5,"41":1,"42":1023,"43":1,"44":1,"45":957,"46":145,"47":12771,"48":4,"49":115},"b":{"0":[0,0],"1":[0,0],"2":[0,0],"3":[0,0],"4":[0,0],"5":[0,0],"6":[0,0],"7":[0,0],"8":[0,0],"9":[0,0],"10":[0,0],"11":[0,0],"12":[0,26],"13":[26,0],"14":[0,26],"15":[0,26],"16":[0,26],"17":[26,0],"18":[4,15],"19":[20,17],"20":[1,18],"21":[1,18],"22":[1,18],"23":[20,3],"24":[18,8],"25":[2,2],"26":[1,1],"27":[19,0],"28":[19,0],"29":[0,0],"30":[0,0],"31":[0,11],"32":[11,11],"33":[0,11],"34":[0,0],"35":[0,0],"36":[0,0],"37":[0,0],"38":[0,0],"39":[0,0],"40":[33,14],"41":[5,952],"42":[957,924,891],"43":[660,297],"44":[33,924],"45":[5,952],"46":[5,952],"47":[4,1],"48":[957,0],"49":[33,0]}}
,"D:\\BIAN\\UIG\\university-helper\\src\\components\\SchoolBgColor.tsx": {"path":"D:\\BIAN\\UIG\\university-helper\\src\\components\\SchoolBgColor.tsx","statementMap":{"0":{"start":{"line":6,"column":0},"end":{"line":6,"column":24}},"1":{"start":{"line":3,"column":0},"end":{"line":3,"column":57}},"2":{"start":{"line":4,"column":0},"end":{"line":4,"column":87}},"3":{"start":{"line":7,"column":20},"end":{"line":7,"column":51}},"4":{"start":{"line":8,"column":18},"end":{"line":8,"column":31}},"5":{"start":{"line":10,"column":2},"end":{"line":33,"column":null}},"6":{"start":{"line":11,"column":17},"end":{"line":11,"column":30}},"7":{"start":{"line":12,"column":19},"end":{"line":12,"column":45}},"8":{"start":{"line":13,"column":21},"end":{"line":13,"column":65}},"9":{"start":{"line":14,"column":24},"end":{"line":14,"column":72}},"10":{"start":{"line":15,"column":23},"end":{"line":15,"column":69}},"11":{"start":{"line":16,"column":23},"end":{"line":16,"column":69}},"12":{"start":{"line":18,"column":21},"end":{"line":18,"column":48}},"13":{"start":{"line":19,"column":15},"end":{"line":19,"column":43}},"14":{"start":{"line":20,"column":4},"end":{"line":20,"column":null}},"15":{"start":{"line":21,"column":4},"end":{"line":21,"column":null}},"16":{"start":{"line":22,"column":4},"end":{"line":22,"column":null}},"17":{"start":{"line":23,"column":4},"end":{"line":23,"column":null}},"18":{"start":{"line":24,"column":4},"end":{"line":24,"column":null}},"19":{"start":{"line":26,"column":4},"end":{"line":32,"column":null}},"20":{"start":{"line":27,"column":6},"end":{"line":27,"column":null}},"21":{"start":{"line":28,"column":6},"end":{"line":28,"column":null}},"22":{"start":{"line":29,"column":6},"end":{"line":29,"column":null}},"23":{"start":{"line":30,"column":6},"end":{"line":30,"column":null}},"24":{"start":{"line":31,"column":6},"end":{"line":31,"column":null}},"25":{"start":{"line":35,"column":2},"end":{"line":71,"column":null}},"26":{"start":{"line":36,"column":4},"end":{"line":36,"column":31}},"27":{"start":{"line":36,"column":25},"end":{"line":36,"column":31}},"28":{"start":{"line":37,"column":4},"end":{"line":37,"column":null}},"29":{"start":{"line":38,"column":18},"end":{"line":38,"column":23}},"30":{"start":{"line":40,"column":16},"end":{"line":40,"column":27}},"31":{"start":{"line":41,"column":4},"end":{"line":41,"column":null}},"32":{"start":{"line":42,"column":4},"end":{"line":42,"column":null}},"33":{"start":{"line":44,"column":4},"end":{"line":64,"column":null}},"34":{"start":{"line":45,"column":6},"end":{"line":45,"column":25}},"35":{"start":{"line":45,"column":19},"end":{"line":45,"column":25}},"36":{"start":{"line":46,"column":21},"end":{"line":46,"column":39}},"37":{"start":{"line":47,"column":6},"end":{"line":47,"column":null}},"38":{"start":{"line":48,"column":6},"end":{"line":48,"column":null}},"39":{"start":{"line":49,"column":18},"end":{"line":49,"column":42}},"40":{"start":{"line":50,"column":6},"end":{"line":50,"column":null}},"41":{"start":{"line":51,"column":6},"end":{"line":63,"column":7}},"42":{"start":{"line":52,"column":26},"end":{"line":52,"column":77}},"43":{"start":{"line":53,"column":22},"end":{"line":53,"column":84}},"44":{"start":{"line":54,"column":21},"end":{"line":54,"column":34}},"45":{"start":{"line":55,"column":8},"end":{"line":55,"column":null}},"46":{"start":{"line":56,"column":19},"end":{"line":56,"column":44}},"47":{"start":{"line":57,"column":8},"end":{"line":57,"column":null}},"48":{"start":{"line":58,"column":8},"end":{"line":58,"column":null}},"49":{"start":{"line":59,"column":8},"end":{"line":59,"column":null}},"50":{"start":{"line":60,"column":8},"end":{"line":60,"column":null}},"51":{"start":{"line":62,"column":8},"end":{"line":62,"column":null}},"52":{"start":{"line":62,"column":22},"end":{"line":62,"column":null}},"53":{"start":{"line":66,"column":4},"end":{"line":68,"column":null}},"54":{"start":{"line":67,"column":6},"end":{"line":67,"column":null}},"55":{"start":{"line":67,"column":20},"end":{"line":67,"column":null}},"56":{"start":{"line":70,"column":4},"end":{"line":70,"column":null}},"57":{"start":{"line":70,"column":19},"end":{"line":70,"column":34}},"58":{"start":{"line":73,"column":2},"end":{"line":78,"column":null}}},"fnMap":{"0":{"name":"SchoolBgColor","decl":{"start":{"line":6,"column":24},"end":{"line":6,"column":37}},"loc":{"start":{"line":6,"column":103},"end":{"line":79,"column":1}}},"1":{"name":"(anonymous_1)","decl":{"start":{"line":10,"column":12},"end":{"line":10,"column":15}},"loc":{"start":{"line":10,"column":17},"end":{"line":33,"column":3}}},"2":{"name":"(anonymous_2)","decl":{"start":{"line":26,"column":11},"end":{"line":26,"column":14}},"loc":{"start":{"line":26,"column":16},"end":{"line":32,"column":5}}},"3":{"name":"(anonymous_3)","decl":{"start":{"line":35,"column":12},"end":{"line":35,"column":15}},"loc":{"start":{"line":35,"column":17},"end":{"line":71,"column":3}}},"4":{"name":"(anonymous_4)","decl":{"start":{"line":44,"column":17},"end":{"line":44,"column":20}},"loc":{"start":{"line":44,"column":22},"end":{"line":64,"column":5}}},"5":{"name":"(anonymous_5)","decl":{"start":{"line":66,"column":18},"end":{"line":66,"column":21}},"loc":{"start":{"line":66,"column":23},"end":{"line":68,"column":5}}},"6":{"name":"(anonymous_6)","decl":{"start":{"line":70,"column":11},"end":{"line":70,"column":14}},"loc":{"start":{"line":70,"column":16},"end":{"line":70,"column":35}}}},"branchMap":{"0":{"loc":{"start":{"line":27,"column":35},"end":{"line":27,"column":54}},"type":"binary-expr","locations":[{"start":{"line":27,"column":35},"end":{"line":27,"column":41}},{"start":{"line":27,"column":45},"end":{"line":27,"column":54}}]},"1":{"loc":{"start":{"line":28,"column":46},"end":{"line":28,"column":67}},"type":"binary-expr","locations":[{"start":{"line":28,"column":46},"end":{"line":28,"column":54}},{"start":{"line":28,"column":58},"end":{"line":28,"column":67}}]},"2":{"loc":{"start":{"line":29,"column":50},"end":{"line":29,"column":74}},"type":"binary-expr","locations":[{"start":{"line":29,"column":50},"end":{"line":29,"column":61}},{"start":{"line":29,"column":65},"end":{"line":29,"column":74}}]},"3":{"loc":{"start":{"line":30,"column":48},"end":{"line":30,"column":71}},"type":"binary-expr","locations":[{"start":{"line":30,"column":48},"end":{"line":30,"column":58}},{"start":{"line":30,"column":62},"end":{"line":30,"column":71}}]},"4":{"loc":{"start":{"line":31,"column":48},"end":{"line":31,"column":71}},"type":"binary-expr","locations":[{"start":{"line":31,"column":48},"end":{"line":31,"column":58}},{"start":{"line":31,"column":62},"end":{"line":31,"column":71}}]},"5":{"loc":{"start":{"line":36,"column":4},"end":{"line":36,"column":31}},"type":"if","locations":[{"start":{"line":36,"column":4},"end":{"line":36,"column":31}},{"start":{},"end":{}}]},"6":{"loc":{"start":{"line":45,"column":6},"end":{"line":45,"column":25}},"type":"if","locations":[{"start":{"line":45,"column":6},"end":{"line":45,"column":25}},{"start":{},"end":{}}]},"7":{"loc":{"start":{"line":62,"column":8},"end":{"line":62,"column":null}},"type":"if","locations":[{"start":{"line":62,"column":8},"end":{"line":62,"column":null}},{"start":{},"end":{}}]},"8":{"loc":{"start":{"line":67,"column":6},"end":{"line":67,"column":null}},"type":"if","locations":[{"start":{"line":67,"column":6},"end":{"line":67,"column":null}},{"start":{},"end":{}}]}},"s":{"0":1,"1":1,"2":1,"3":6,"4":6,"5":6,"6":6,"7":6,"8":6,"9":6,"10":6,"11":6,"12":6,"13":6,"14":6,"15":6,"16":6,"17":6,"18":6,"19":6,"20":6,"21":6,"22":6,"23":6,"24":6,"25":6,"26":6,"27":0,"28":6,"29":6,"30":6,"31":6,"32":6,"33":6,"34":0,"35":0,"36":0,"37":0,"38":0,"39":0,"40":0,"41":0,"42":0,"43":0,"44":0,"45":0,"46":0,"47":0,"48":0,"49":0,"50":0,"51":0,"52":0,"53":6,"54":0,"55":0,"56":6,"57":6,"58":6},"f":{"0":6,"1":6,"2":6,"3":6,"4":0,"5":0,"6":6},"b":{"0":[6,6],"1":[6,6],"2":[6,6],"3":[6,6],"4":[6,6],"5":[0,6],"6":[0,0],"7":[0,0],"8":[0,0]}}
,"D:\\BIAN\\UIG\\university-helper\\src\\components\\SchoolCard.tsx": {"path":"D:\\BIAN\\UIG\\university-helper\\src\\components\\SchoolCard.tsx","statementMap":{"0":{"start":{"line":10,"column":0},"end":{"line":10,"column":24}},"1":{"start":{"line":2,"column":0},"end":{"line":2,"column":32}},"2":{"start":{"line":3,"column":0},"end":{"line":3,"column":43}},"3":{"start":{"line":4,"column":0},"end":{"line":4,"column":44}},"4":{"start":{"line":6,"column":0},"end":{"line":6,"column":40}},"5":{"start":{"line":8,"column":17},"end":{"line":8,"column":38}},"6":{"start":{"line":11,"column":17},"end":{"line":11,"column":28}},"7":{"start":{"line":12,"column":14},"end":{"line":12,"column":52}},"8":{"start":{"line":12,"column":29},"end":{"line":12,"column":52}},"9":{"start":{"line":13,"column":17},"end":{"line":13,"column":77}},"10":{"start":{"line":14,"column":38},"end":{"line":14,"column":53}},"11":{"start":{"line":15,"column":2},"end":{"line":55,"column":null}},"12":{"start":{"line":16,"column":23},"end":{"line":16,"column":58}},"13":{"start":{"line":22,"column":57},"end":{"line":22,"column":76}},"14":{"start":{"line":30,"column":8},"end":{"line":30,"column":20}},"15":{"start":{"line":38,"column":18},"end":{"line":38,"column":41}},"16":{"start":{"line":39,"column":18},"end":{"line":39,"column":40}},"17":{"start":{"line":40,"column":8},"end":{"line":42,"column":9}},"18":{"start":{"line":41,"column":10},"end":{"line":41,"column":null}},"19":{"start":{"line":43,"column":8},"end":{"line":46,"column":9}},"20":{"start":{"line":44,"column":26},"end":{"line":44,"column":95}},"21":{"start":{"line":45,"column":10},"end":{"line":45,"column":null}},"22":{"start":{"line":47,"column":18},"end":{"line":47,"column":115}},"23":{"start":{"line":48,"column":8},"end":{"line":52,"column":null}}},"fnMap":{"0":{"name":"SchoolCard","decl":{"start":{"line":10,"column":24},"end":{"line":10,"column":34}},"loc":{"start":{"line":10,"column":106},"end":{"line":56,"column":1}}},"1":{"name":"(anonymous_1)","decl":{"start":{"line":12,"column":14},"end":{"line":12,"column":15}},"loc":{"start":{"line":12,"column":29},"end":{"line":12,"column":52}}},"2":{"name":"(anonymous_2)","decl":{"start":{"line":16,"column":17},"end":{"line":16,"column":20}},"loc":{"start":{"line":16,"column":23},"end":{"line":16,"column":58}}},"3":{"name":"(anonymous_3)","decl":{"start":{"line":22,"column":51},"end":{"line":22,"column":54}},"loc":{"start":{"line":22,"column":57},"end":{"line":22,"column":76}}},"4":{"name":"(anonymous_4)","decl":{"start":{"line":29,"column":20},"end":{"line":29,"column":21}},"loc":{"start":{"line":30,"column":8},"end":{"line":30,"column":20}}},"5":{"name":"(anonymous_5)","decl":{"start":{"line":37,"column":22},"end":{"line":37,"column":23}},"loc":{"start":{"line":37,"column":28},"end":{"line":53,"column":7}}}},"branchMap":{"0":{"loc":{"start":{"line":20,"column":90},"end":{"line":20,"column":137}},"type":"cond-expr","locations":[{"start":{"line":20,"column":103},"end":{"line":20,"column":128}},{"start":{"line":20,"column":131},"end":{"line":20,"column":137}}]},"1":{"loc":{"start":{"line":22,"column":9},"end":{"line":22,"column":108}},"type":"binary-expr","locations":[{"start":{"line":22,"column":9},"end":{"line":22,"column":20}},{"start":{"line":22,"column":24},"end":{"line":22,"column":108}}]},"2":{"loc":{"start":{"line":27,"column":11},"end":{"line":27,"column":71}},"type":"cond-expr","locations":[{"start":{"line":27,"column":52},"end":{"line":27,"column":65}},{"start":{"line":27,"column":68},"end":{"line":27,"column":71}}]},"3":{"loc":{"start":{"line":27,"column":11},"end":{"line":27,"column":49}},"type":"binary-expr","locations":[{"start":{"line":27,"column":11},"end":{"line":27,"column":24}},{"start":{"line":27,"column":28},"end":{"line":27,"column":49}}]},"4":{"loc":{"start":{"line":28,"column":57},"end":{"line":28,"column":80}},"type":"binary-expr","locations":[{"start":{"line":28,"column":57},"end":{"line":28,"column":73}},{"start":{"line":28,"column":77},"end":{"line":28,"column":80}}]},"5":{"loc":{"start":{"line":30,"column":27},"end":{"line":30,"column":97}},"type":"cond-expr","locations":[{"start":{"line":30,"column":36},"end":{"line":30,"column":77}},{"start":{"line":30,"column":80},"end":{"line":30,"column":97}}]},"6":{"loc":{"start":{"line":31,"column":11},"end":{"line":31,"column":27}},"type":"cond-expr","locations":[{"start":{"line":31,"column":20},"end":{"line":31,"column":21}},{"start":{"line":31,"column":24},"end":{"line":31,"column":27}}]},"7":{"loc":{"start":{"line":34,"column":17},"end":{"line":34,"column":137}},"type":"cond-expr","locations":[{"start":{"line":34,"column":42},"end":{"line":34,"column":117}},{"start":{"line":34,"column":120},"end":{"line":34,"column":137}}]},"8":{"loc":{"start":{"line":34,"column":17},"end":{"line":34,"column":39}},"type":"binary-expr","locations":[{"start":{"line":34,"column":17},"end":{"line":34,"column":26}},{"start":{"line":34,"column":30},"end":{"line":34,"column":39}}]},"9":{"loc":{"start":{"line":34,"column":51},"end":{"line":34,"column":98}},"type":"cond-expr","locations":[{"start":{"line":34,"column":63},"end":{"line":34,"column":79}},{"start":{"line":34,"column":82},"end":{"line":34,"column":98}}]},"10":{"loc":{"start":{"line":35,"column":9},"end":{"line":35,"column":50}},"type":"cond-expr","locations":[{"start":{"line":35,"column":21},"end":{"line":35,"column":25}},{"start":{"line":35,"column":28},"end":{"line":35,"column":50}}]},"11":{"loc":{"start":{"line":35,"column":28},"end":{"line":35,"column":50}},"type":"cond-expr","locations":[{"start":{"line":35,"column":40},"end":{"line":35,"column":44}},{"start":{"line":35,"column":47},"end":{"line":35,"column":50}}]},"12":{"loc":{"start":{"line":38,"column":18},"end":{"line":38,"column":41}},"type":"cond-expr","locations":[{"start":{"line":38,"column":32},"end":{"line":38,"column":35}},{"start":{"line":38,"column":32},"end":{"line":38,"column":41}}]},"13":{"loc":{"start":{"line":38,"column":18},"end":{"line":38,"column":35}},"type":"binary-expr","locations":[{"start":{"line":38,"column":18},"end":{"line":38,"column":35}},{"start":{"line":38,"column":32},"end":{"line":38,"column":35}}]},"14":{"loc":{"start":{"line":39,"column":18},"end":{"line":39,"column":40}},"type":"cond-expr","locations":[{"start":{"line":39,"column":31},"end":{"line":39,"column":34}},{"start":{"line":39,"column":31},"end":{"line":39,"column":40}}]},"15":{"loc":{"start":{"line":39,"column":18},"end":{"line":39,"column":34}},"type":"binary-expr","locations":[{"start":{"line":39,"column":18},"end":{"line":39,"column":34}},{"start":{"line":39,"column":31},"end":{"line":39,"column":34}}]},"16":{"loc":{"start":{"line":40,"column":8},"end":{"line":42,"column":9}},"type":"if","locations":[{"start":{"line":40,"column":8},"end":{"line":42,"column":9}},{"start":{},"end":{}}]},"17":{"loc":{"start":{"line":40,"column":12},"end":{"line":40,"column":41}},"type":"binary-expr","locations":[{"start":{"line":40,"column":12},"end":{"line":40,"column":22}},{"start":{"line":40,"column":26},"end":{"line":40,"column":41}}]},"18":{"loc":{"start":{"line":43,"column":8},"end":{"line":46,"column":9}},"type":"if","locations":[{"start":{"line":43,"column":8},"end":{"line":46,"column":9}},{"start":{},"end":{}}]},"19":{"loc":{"start":{"line":44,"column":26},"end":{"line":44,"column":95}},"type":"cond-expr","locations":[{"start":{"line":44,"column":49},"end":{"line":44,"column":77}},{"start":{"line":44,"column":80},"end":{"line":44,"column":95}}]},"20":{"loc":{"start":{"line":44,"column":26},"end":{"line":44,"column":46}},"type":"binary-expr","locations":[{"start":{"line":44,"column":26},"end":{"line":44,"column":27}},{"start":{"line":44,"column":31},"end":{"line":44,"column":46}}]},"21":{"loc":{"start":{"line":47,"column":18},"end":{"line":47,"column":115}},"type":"cond-expr","locations":[{"start":{"line":47,"column":28},"end":{"line":47,"column":37}},{"start":{"line":47,"column":40},"end":{"line":47,"column":115}}]},"22":{"loc":{"start":{"line":47,"column":40},"end":{"line":47,"column":115}},"type":"cond-expr","locations":[{"start":{"line":47,"column":50},"end":{"line":47,"column":59}},{"start":{"line":47,"column":62},"end":{"line":47,"column":115}}]},"23":{"loc":{"start":{"line":47,"column":62},"end":{"line":47,"column":115}},"type":"cond-expr","locations":[{"start":{"line":47,"column":72},"end":{"line":47,"column":81}},{"start":{"line":47,"column":84},"end":{"line":47,"column":115}}]},"24":{"loc":{"start":{"line":47,"column":84},"end":{"line":47,"column":115}},"type":"cond-expr","locations":[{"start":{"line":47,"column":94},"end":{"line":47,"column":103}},{"start":{"line":47,"column":106},"end":{"line":47,"column":115}}]}},"s":{"0":1,"1":1,"2":1,"3":1,"4":1,"5":1,"6":18,"7":18,"8":164,"9":18,"10":18,"11":18,"12":0,"13":1,"14":54,"15":360,"16":360,"17":360,"18":292,"19":68,"20":1,"21":1,"22":67,"23":67},"f":{"0":18,"1":164,"2":0,"3":1,"4":54,"5":360},"b":{"0":[1,17],"1":[18,17],"2":[16,2],"3":[18,18],"4":[18,2],"5":[48,6],"6":[48,6],"7":[16,2],"8":[18,2],"9":[16,0],"10":[16,2],"11":[0,2],"12":[40,320],"13":[360,360],"14":[340,20],"15":[360,360],"16":[292,68],"17":[360,360],"18":[1,67],"19":[1,0],"20":[1,1],"21":[40,27],"22":[26,1],"23":[0,1],"24":[0,1]}}
,"D:\\BIAN\\UIG\\university-helper\\src\\lib\\colors.ts": {"path":"D:\\BIAN\\UIG\\university-helper\\src\\lib\\colors.ts","statementMap":{"0":{"start":{"line":70,"column":0},"end":{"line":70,"column":16}},"1":{"start":{"line":78,"column":0},"end":{"line":78,"column":16}},"2":{"start":{"line":95,"column":0},"end":{"line":95,"column":16}},"3":{"start":{"line":1,"column":13},"end":{"line":22,"column":null}},"4":{"start":{"line":25,"column":12},"end":{"line":25,"column":41}},"5":{"start":{"line":26,"column":12},"end":{"line":26,"column":41}},"6":{"start":{"line":27,"column":12},"end":{"line":27,"column":41}},"7":{"start":{"line":28,"column":2},"end":{"line":28,"column":null}},"8":{"start":{"line":32,"column":2},"end":{"line":32,"column":11}},"9":{"start":{"line":32,"column":12},"end":{"line":32,"column":21}},"10":{"start":{"line":32,"column":22},"end":{"line":32,"column":null}},"11":{"start":{"line":33,"column":14},"end":{"line":33,"column":31}},"12":{"start":{"line":33,"column":39},"end":{"line":33,"column":56}},"13":{"start":{"line":34,"column":10},"end":{"line":34,"column":11}},"14":{"start":{"line":34,"column":17},"end":{"line":34,"column":18}},"15":{"start":{"line":34,"column":24},"end":{"line":34,"column":39}},"16":{"start":{"line":35,"column":2},"end":{"line":43,"column":3}},"17":{"start":{"line":36,"column":14},"end":{"line":36,"column":23}},"18":{"start":{"line":37,"column":4},"end":{"line":37,"column":null}},"19":{"start":{"line":38,"column":4},"end":{"line":42,"column":5}},"20":{"start":{"line":39,"column":14},"end":{"line":39,"column":55}},"21":{"start":{"line":39,"column":56},"end":{"line":39,"column":61}},"22":{"start":{"line":40,"column":14},"end":{"line":40,"column":41}},"23":{"start":{"line":40,"column":42},"end":{"line":40,"column":47}},"24":{"start":{"line":41,"column":14},"end":{"line":41,"column":41}},"25":{"start":{"line":41,"column":42},"end":{"line":41,"column":47}},"26":{"start":{"line":44,"column":2},"end":{"line":44,"column":null}},"27":{"start":{"line":48,"column":2},"end":{"line":48,"column":11}},"28":{"start":{"line":48,"column":12},"end":{"line":48,"column":null}},"29":{"start":{"line":49,"column":12},"end":{"line":49,"column":41}},"30":{"start":{"line":50,"column":12},"end":{"line":50,"column":48}},"31":{"start":{"line":51,"column":12},"end":{"line":51,"column":21}},"32":{"start":{"line":52,"column":10},"end":{"line":52,"column":11}},"33":{"start":{"line":52,"column":17},"end":{"line":52,"column":18}},"34":{"start":{"line":52,"column":24},"end":{"line":52,"column":25}},"35":{"start":{"line":53,"column":2},"end":{"line":58,"column":23}},"36":{"start":{"line":53,"column":16},"end":{"line":53,"column":22}},"37":{"start":{"line":53,"column":23},"end":{"line":53,"column":29}},"38":{"start":{"line":54,"column":7},"end":{"line":58,"column":23}},"39":{"start":{"line":54,"column":22},"end":{"line":54,"column":28}},"40":{"start":{"line":54,"column":29},"end":{"line":54,"column":35}},"41":{"start":{"line":55,"column":7},"end":{"line":58,"column":23}},"42":{"start":{"line":55,"column":22},"end":{"line":55,"column":28}},"43":{"start":{"line":55,"column":29},"end":{"line":55,"column":35}},"44":{"start":{"line":56,"column":7},"end":{"line":58,"column":23}},"45":{"start":{"line":56,"column":22},"end":{"line":56,"column":28}},"46":{"start":{"line":56,"column":29},"end":{"line":56,"column":35}},"47":{"start":{"line":57,"column":7},"end":{"line":58,"column":23}},"48":{"start":{"line":57,"column":22},"end":{"line":57,"column":28}},"49":{"start":{"line":57,"column":29},"end":{"line":57,"column":35}},"50":{"start":{"line":58,"column":9},"end":{"line":58,"column":15}},"51":{"start":{"line":58,"column":16},"end":{"line":58,"column":22}},"52":{"start":{"line":59,"column":2},"end":{"line":59,"column":null}},"53":{"start":{"line":63,"column":11},"end":{"line":63,"column":30}},"54":{"start":{"line":64,"column":2},"end":{"line":64,"column":null}},"55":{"start":{"line":65,"column":13},"end":{"line":65,"column":32}},"56":{"start":{"line":66,"column":13},"end":{"line":66,"column":32}},"57":{"start":{"line":67,"column":2},"end":{"line":67,"column":null}},"58":{"start":{"line":71,"column":13},"end":{"line":71,"column":14}},"59":{"start":{"line":72,"column":2},"end":{"line":74,"column":3}},"60":{"start":{"line":72,"column":15},"end":{"line":72,"column":16}},"61":{"start":{"line":73,"column":4},"end":{"line":73,"column":null}},"62":{"start":{"line":75,"column":2},"end":{"line":75,"column":null}},"63":{"start":{"line":79,"column":22},"end":{"line":79,"column":41}},"64":{"start":{"line":80,"column":22},"end":{"line":80,"column":39}},"65":{"start":{"line":83,"column":24},"end":{"line":83,"column":41}},"66":{"start":{"line":84,"column":4},"end":{"line":84,"column":null}},"67":{"start":{"line":84,"column":38},"end":{"line":84,"column":69}},"68":{"start":{"line":87,"column":2},"end":{"line":92,"column":null}},"69":{"start":{"line":96,"column":15},"end":{"line":96,"column":73}},"70":{"start":{"line":97,"column":108},"end":{"line":97,"column":110}},"71":{"start":{"line":99,"column":2},"end":{"line":115,"column":3}},"72":{"start":{"line":99,"column":15},"end":{"line":99,"column":16}},"73":{"start":{"line":100,"column":4},"end":{"line":114,"column":5}},"74":{"start":{"line":100,"column":17},"end":{"line":100,"column":18}},"75":{"start":{"line":101,"column":16},"end":{"line":101,"column":35}},"76":{"start":{"line":102,"column":16},"end":{"line":102,"column":25}},"77":{"start":{"line":102,"column":31},"end":{"line":102,"column":44}},"78":{"start":{"line":102,"column":50},"end":{"line":102,"column":63}},"79":{"start":{"line":102,"column":69},"end":{"line":102,"column":82}},"80":{"start":{"line":103,"column":6},"end":{"line":103,"column":27}},"81":{"start":{"line":103,"column":19},"end":{"line":103,"column":27}},"82":{"start":{"line":104,"column":26},"end":{"line":104,"column":43}},"83":{"start":{"line":105,"column":6},"end":{"line":105,"column":45}},"84":{"start":{"line":105,"column":37},"end":{"line":105,"column":45}},"85":{"start":{"line":106,"column":21},"end":{"line":106,"column":39}},"86":{"start":{"line":107,"column":6},"end":{"line":109,"column":7}},"87":{"start":{"line":108,"column":8},"end":{"line":108,"column":null}},"88":{"start":{"line":110,"column":18},"end":{"line":110,"column":36}},"89":{"start":{"line":111,"column":6},"end":{"line":111,"column":17}},"90":{"start":{"line":111,"column":18},"end":{"line":111,"column":29}},"91":{"start":{"line":111,"column":30},"end":{"line":111,"column":null}},"92":{"start":{"line":112,"column":6},"end":{"line":112,"column":17}},"93":{"start":{"line":112,"column":18},"end":{"line":112,"column":29}},"94":{"start":{"line":112,"column":30},"end":{"line":112,"column":null}},"95":{"start":{"line":113,"column":6},"end":{"line":113,"column":null}},"96":{"start":{"line":117,"column":16},"end":{"line":117,"column":56}},"97":{"start":{"line":117,"column":39},"end":{"line":117,"column":55}},"98":{"start":{"line":118,"column":2},"end":{"line":120,"column":3}},"99":{"start":{"line":119,"column":4},"end":{"line":119,"column":null}},"100":{"start":{"line":119,"column":50},"end":{"line":119,"column":null}},"101":{"start":{"line":122,"column":2},"end":{"line":122,"column":null}},"102":{"start":{"line":122,"column":39},"end":{"line":122,"column":null}},"103":{"start":{"line":124,"column":15},"end":{"line":124,"column":40}},"104":{"start":{"line":125,"column":15},"end":{"line":125,"column":40}},"105":{"start":{"line":126,"column":15},"end":{"line":126,"column":40}},"106":{"start":{"line":128,"column":16},"end":{"line":128,"column":35}},"107":{"start":{"line":129,"column":16},"end":{"line":129,"column":24}},"108":{"start":{"line":130,"column":20},"end":{"line":130,"column":49}},"109":{"start":{"line":132,"column":2},"end":{"line":140,"column":3}},"110":{"start":{"line":133,"column":24},"end":{"line":133,"column":39}},"111":{"start":{"line":134,"column":16},"end":{"line":134,"column":33}},"112":{"start":{"line":135,"column":17},"end":{"line":135,"column":40}},"113":{"start":{"line":136,"column":4},"end":{"line":139,"column":5}},"114":{"start":{"line":137,"column":6},"end":{"line":137,"column":null}},"115":{"start":{"line":138,"column":6},"end":{"line":138,"column":null}},"116":{"start":{"line":142,"column":2},"end":{"line":142,"column":null}}},"fnMap":{"0":{"name":"hexToRgb","decl":{"start":{"line":24,"column":9},"end":{"line":24,"column":17}},"loc":{"start":{"line":24,"column":29},"end":{"line":29,"column":1}}},"1":{"name":"rgbToHsl","decl":{"start":{"line":31,"column":9},"end":{"line":31,"column":17}},"loc":{"start":{"line":31,"column":49},"end":{"line":45,"column":1}}},"2":{"name":"hslToRgb","decl":{"start":{"line":47,"column":9},"end":{"line":47,"column":17}},"loc":{"start":{"line":47,"column":49},"end":{"line":60,"column":1}}},"3":{"name":"hslDiff","decl":{"start":{"line":62,"column":9},"end":{"line":62,"column":16}},"loc":{"start":{"line":62,"column":95},"end":{"line":68,"column":1}}},"4":{"name":"getFallbackPastel","decl":{"start":{"line":70,"column":16},"end":{"line":70,"column":33}},"loc":{"start":{"line":70,"column":50},"end":{"line":76,"column":1}}},"5":{"name":"deriveAccentColors","decl":{"start":{"line":78,"column":16},"end":{"line":78,"column":34}},"loc":{"start":{"line":78,"column":52},"end":{"line":93,"column":1}}},"6":{"name":"hslToHex","decl":{"start":{"line":82,"column":11},"end":{"line":82,"column":19}},"loc":{"start":{"line":82,"column":51},"end":{"line":85,"column":3}}},"7":{"name":"(anonymous_7)","decl":{"start":{"line":84,"column":31},"end":{"line":84,"column":32}},"loc":{"start":{"line":84,"column":38},"end":{"line":84,"column":69}}},"8":{"name":"matchLogoToPastel","decl":{"start":{"line":95,"column":16},"end":{"line":95,"column":33}},"loc":{"start":{"line":95,"column":90},"end":{"line":143,"column":1}}},"9":{"name":"(anonymous_9)","decl":{"start":{"line":117,"column":32},"end":{"line":117,"column":33}},"loc":{"start":{"line":117,"column":39},"end":{"line":117,"column":55}}}},"branchMap":{"0":{"loc":{"start":{"line":35,"column":2},"end":{"line":43,"column":3}},"type":"if","locations":[{"start":{"line":35,"column":2},"end":{"line":43,"column":3}},{"start":{},"end":{}}]},"1":{"loc":{"start":{"line":37,"column":8},"end":{"line":37,"column":55}},"type":"cond-expr","locations":[{"start":{"line":37,"column":18},"end":{"line":37,"column":37}},{"start":{"line":37,"column":40},"end":{"line":37,"column":55}}]},"2":{"loc":{"start":{"line":38,"column":4},"end":{"line":42,"column":5}},"type":"switch","locations":[{"start":{"line":39,"column":6},"end":{"line":39,"column":61}},{"start":{"line":40,"column":6},"end":{"line":40,"column":47}},{"start":{"line":41,"column":6},"end":{"line":41,"column":47}}]},"3":{"loc":{"start":{"line":39,"column":34},"end":{"line":39,"column":47}},"type":"cond-expr","locations":[{"start":{"line":39,"column":42},"end":{"line":39,"column":43}},{"start":{"line":39,"column":46},"end":{"line":39,"column":47}}]},"4":{"loc":{"start":{"line":53,"column":2},"end":{"line":58,"column":23}},"type":"if","locations":[{"start":{"line":53,"column":2},"end":{"line":58,"column":23}},{"start":{"line":54,"column":7},"end":{"line":58,"column":23}}]},"5":{"loc":{"start":{"line":54,"column":7},"end":{"line":58,"column":23}},"type":"if","locations":[{"start":{"line":54,"column":7},"end":{"line":58,"column":23}},{"start":{"line":55,"column":7},"end":{"line":58,"column":23}}]},"6":{"loc":{"start":{"line":55,"column":7},"end":{"line":58,"column":23}},"type":"if","locations":[{"start":{"line":55,"column":7},"end":{"line":58,"column":23}},{"start":{"line":56,"column":7},"end":{"line":58,"column":23}}]},"7":{"loc":{"start":{"line":56,"column":7},"end":{"line":58,"column":23}},"type":"if","locations":[{"start":{"line":56,"column":7},"end":{"line":58,"column":23}},{"start":{"line":57,"column":7},"end":{"line":58,"column":23}}]},"8":{"loc":{"start":{"line":57,"column":7},"end":{"line":58,"column":23}},"type":"if","locations":[{"start":{"line":57,"column":7},"end":{"line":58,"column":23}},{"start":{"line":58,"column":7},"end":{"line":58,"column":23}}]},"9":{"loc":{"start":{"line":103,"column":6},"end":{"line":103,"column":27}},"type":"if","locations":[{"start":{"line":103,"column":6},"end":{"line":103,"column":27}},{"start":{},"end":{}}]},"10":{"loc":{"start":{"line":105,"column":6},"end":{"line":105,"column":45}},"type":"if","locations":[{"start":{"line":105,"column":6},"end":{"line":105,"column":45}},{"start":{},"end":{}}]},"11":{"loc":{"start":{"line":105,"column":10},"end":{"line":105,"column":35}},"type":"binary-expr","locations":[{"start":{"line":105,"column":10},"end":{"line":105,"column":16}},{"start":{"line":105,"column":20},"end":{"line":105,"column":26}},{"start":{"line":105,"column":30},"end":{"line":105,"column":35}}]},"12":{"loc":{"start":{"line":107,"column":6},"end":{"line":109,"column":7}},"type":"if","locations":[{"start":{"line":107,"column":6},"end":{"line":109,"column":7}},{"start":{},"end":{}}]},"13":{"loc":{"start":{"line":117,"column":39},"end":{"line":117,"column":55}},"type":"binary-expr","locations":[{"start":{"line":117,"column":39},"end":{"line":117,"column":40}},{"start":{"line":117,"column":44},"end":{"line":117,"column":55}}]},"14":{"loc":{"start":{"line":119,"column":4},"end":{"line":119,"column":null}},"type":"if","locations":[{"start":{"line":119,"column":4},"end":{"line":119,"column":null}},{"start":{},"end":{}}]},"15":{"loc":{"start":{"line":119,"column":8},"end":{"line":119,"column":48}},"type":"binary-expr","locations":[{"start":{"line":119,"column":8},"end":{"line":119,"column":11}},{"start":{"line":119,"column":15},"end":{"line":119,"column":48}}]},"16":{"loc":{"start":{"line":119,"column":28},"end":{"line":119,"column":47}},"type":"binary-expr","locations":[{"start":{"line":119,"column":28},"end":{"line":119,"column":42}},{"start":{"line":119,"column":46},"end":{"line":119,"column":47}}]},"17":{"loc":{"start":{"line":119,"column":28},"end":{"line":119,"column":42}},"type":"cond-expr","locations":[{"start":{"line":119,"column":35},"end":{"line":119,"column":37}},{"start":{"line":119,"column":28},"end":{"line":119,"column":42}}]},"18":{"loc":{"start":{"line":119,"column":28},"end":{"line":119,"column":37}},"type":"binary-expr","locations":[{"start":{"line":119,"column":28},"end":{"line":119,"column":37}},{"start":{"line":119,"column":28},"end":{"line":119,"column":37}}]},"19":{"loc":{"start":{"line":122,"column":2},"end":{"line":122,"column":null}},"type":"if","locations":[{"start":{"line":122,"column":2},"end":{"line":122,"column":null}},{"start":{},"end":{}}]},"20":{"loc":{"start":{"line":122,"column":6},"end":{"line":122,"column":37}},"type":"binary-expr","locations":[{"start":{"line":122,"column":6},"end":{"line":122,"column":14}},{"start":{"line":122,"column":18},"end":{"line":122,"column":37}}]},"21":{"loc":{"start":{"line":136,"column":4},"end":{"line":139,"column":5}},"type":"if","locations":[{"start":{"line":136,"column":4},"end":{"line":139,"column":5}},{"start":{},"end":{}}]}},"s":{"0":2,"1":2,"2":2,"3":2,"4":69,"5":69,"6":69,"7":69,"8":73,"9":73,"10":73,"11":73,"12":73,"13":73,"14":73,"15":73,"16":73,"17":70,"18":70,"19":70,"20":38,"21":38,"22":12,"23":12,"24":20,"25":20,"26":73,"27":36,"28":36,"29":36,"30":36,"31":36,"32":36,"33":36,"34":36,"35":36,"36":28,"37":28,"38":8,"39":0,"40":0,"41":8,"42":0,"43":0,"44":8,"45":4,"46":4,"47":4,"48":4,"49":4,"50":0,"51":0,"52":36,"53":60,"54":60,"55":60,"56":60,"57":60,"58":11,"59":11,"60":11,"61":44,"62":11,"63":9,"64":9,"65":36,"66":36,"67":108,"68":9,"69":4,"70":4,"71":4,"72":4,"73":5,"74":5,"75":7,"76":7,"77":7,"78":7,"79":7,"80":7,"81":3,"82":4,"83":4,"84":0,"85":4,"86":4,"87":3,"88":4,"89":4,"90":4,"91":4,"92":4,"93":4,"94":4,"95":4,"96":4,"97":33,"98":4,"99":33,"100":0,"101":4,"102":1,"103":3,"104":3,"105":3,"106":3,"107":3,"108":3,"109":3,"110":60,"111":60,"112":60,"113":60,"114":16,"115":16,"116":3},"f":{"0":69,"1":73,"2":36,"3":60,"4":11,"5":9,"6":36,"7":108,"8":4,"9":33},"b":{"0":[70,3],"1":[69,1],"2":[38,12,20],"3":[3,35],"4":[28,8],"5":[0,8],"6":[0,8],"7":[4,4],"8":[4,0],"9":[3,4],"10":[0,4],"11":[4,4,4],"12":[3,1],"13":[33,3],"14":[0,33],"15":[33,3],"16":[3,0],"17":[0,3],"18":[3,3],"19":[1,3],"20":[4,3],"21":[16,44]}}
,"D:\\BIAN\\UIG\\university-helper\\src\\lib\\constants.ts": {"path":"D:\\BIAN\\UIG\\university-helper\\src\\lib\\constants.ts","statementMap":{"0":{"start":{"line":2,"column":13},"end":{"line":14,"column":null}},"1":{"start":{"line":17,"column":13},"end":{"line":19,"column":null}},"2":{"start":{"line":18,"column":23},"end":{"line":18,"column":37}},"3":{"start":{"line":22,"column":13},"end":{"line":25,"column":null}},"4":{"start":{"line":28,"column":13},"end":{"line":32,"column":null}}},"fnMap":{"0":{"name":"(anonymous_0)","decl":{"start":{"line":18,"column":16},"end":{"line":18,"column":17}},"loc":{"start":{"line":18,"column":23},"end":{"line":18,"column":37}}}},"branchMap":{},"s":{"0":4,"1":4,"2":124,"3":4,"4":4},"f":{"0":124},"b":{}}
,"D:\\BIAN\\UIG\\university-helper\\src\\lib\\data.ts": {"path":"D:\\BIAN\\UIG\\university-helper\\src\\lib\\data.ts","statementMap":{"0":{"start":{"line":19,"column":0},"end":{"line":19,"column":16}},"1":{"start":{"line":29,"column":0},"end":{"line":29,"column":16}},"2":{"start":{"line":42,"column":0},"end":{"line":42,"column":16}},"3":{"start":{"line":58,"column":0},"end":{"line":58,"column":16}},"4":{"start":{"line":68,"column":0},"end":{"line":68,"column":16}},"5":{"start":{"line":79,"column":0},"end":{"line":79,"column":16}},"6":{"start":{"line":84,"column":0},"end":{"line":84,"column":16}},"7":{"start":{"line":98,"column":0},"end":{"line":98,"column":16}},"8":{"start":{"line":5,"column":0},"end":{"line":5,"column":19}},"9":{"start":{"line":6,"column":0},"end":{"line":6,"column":23}},"10":{"start":{"line":9,"column":32},"end":{"line":9,"column":36}},"11":{"start":{"line":10,"column":31},"end":{"line":10,"column":35}},"12":{"start":{"line":11,"column":41},"end":{"line":11,"column":45}},"13":{"start":{"line":12,"column":59},"end":{"line":12,"column":63}},"14":{"start":{"line":13,"column":93},"end":{"line":13,"column":97}},"15":{"start":{"line":14,"column":48},"end":{"line":14,"column":52}},"16":{"start":{"line":16,"column":16},"end":{"line":16,"column":48}},"17":{"start":{"line":20,"column":2},"end":{"line":24,"column":3}},"18":{"start":{"line":21,"column":4},"end":{"line":23,"column":null}},"19":{"start":{"line":25,"column":2},"end":{"line":25,"column":null}},"20":{"start":{"line":30,"column":2},"end":{"line":34,"column":3}},"21":{"start":{"line":31,"column":4},"end":{"line":33,"column":null}},"22":{"start":{"line":35,"column":2},"end":{"line":35,"column":null}},"23":{"start":{"line":43,"column":2},"end":{"line":53,"column":3}},"24":{"start":{"line":44,"column":111},"end":{"line":45,"column":null}},"25":{"start":{"line":47,"column":4},"end":{"line":47,"column":null}},"26":{"start":{"line":48,"column":4},"end":{"line":48,"column":null}},"27":{"start":{"line":49,"column":4},"end":{"line":52,"column":5}},"28":{"start":{"line":50,"column":6},"end":{"line":50,"column":null}},"29":{"start":{"line":51,"column":6},"end":{"line":51,"column":null}},"30":{"start":{"line":54,"column":2},"end":{"line":54,"column":null}},"31":{"start":{"line":59,"column":2},"end":{"line":63,"column":3}},"32":{"start":{"line":60,"column":4},"end":{"line":62,"column":null}},"33":{"start":{"line":64,"column":2},"end":{"line":64,"column":null}},"34":{"start":{"line":69,"column":14},"end":{"line":69,"column":31}},"35":{"start":{"line":70,"column":18},"end":{"line":70,"column":37}},"36":{"start":{"line":71,"column":2},"end":{"line":75,"column":null}},"37":{"start":{"line":71,"column":24},"end":{"line":74,"column":null}},"38":{"start":{"line":80,"column":2},"end":{"line":80,"column":null}},"39":{"start":{"line":80,"column":35},"end":{"line":80,"column":46}},"40":{"start":{"line":85,"column":2},"end":{"line":93,"column":3}},"41":{"start":{"line":86,"column":4},"end":{"line":86,"column":null}},"42":{"start":{"line":87,"column":24},"end":{"line":87,"column":65}},"43":{"start":{"line":87,"column":57},"end":{"line":87,"column":63}},"44":{"start":{"line":88,"column":4},"end":{"line":92,"column":5}},"45":{"start":{"line":89,"column":6},"end":{"line":91,"column":7}},"46":{"start":{"line":90,"column":8},"end":{"line":90,"column":null}},"47":{"start":{"line":94,"column":2},"end":{"line":94,"column":null}},"48":{"start":{"line":99,"column":2},"end":{"line":99,"column":null}},"49":{"start":{"line":99,"column":34},"end":{"line":99,"column":38}}},"fnMap":{"0":{"name":"loadSchools","decl":{"start":{"line":19,"column":16},"end":{"line":19,"column":27}},"loc":{"start":{"line":19,"column":27},"end":{"line":26,"column":1}}},"1":{"name":"loadFaq","decl":{"start":{"line":29,"column":16},"end":{"line":29,"column":23}},"loc":{"start":{"line":29,"column":23},"end":{"line":36,"column":1}}},"2":{"name":"loadSchoolIndices","decl":{"start":{"line":42,"column":16},"end":{"line":42,"column":33}},"loc":{"start":{"line":42,"column":33},"end":{"line":55,"column":1}}},"3":{"name":"loadSearchIndex","decl":{"start":{"line":58,"column":16},"end":{"line":58,"column":31}},"loc":{"start":{"line":58,"column":31},"end":{"line":65,"column":1}}},"4":{"name":"loadSearchIndexWithIndices","decl":{"start":{"line":68,"column":16},"end":{"line":68,"column":42}},"loc":{"start":{"line":68,"column":42},"end":{"line":76,"column":1}}},"5":{"name":"(anonymous_6)","decl":{"start":{"line":71,"column":17},"end":{"line":71,"column":18}},"loc":{"start":{"line":71,"column":24},"end":{"line":74,"column":null}}},"6":{"name":"getSchoolById","decl":{"start":{"line":79,"column":16},"end":{"line":79,"column":29}},"loc":{"start":{"line":79,"column":40},"end":{"line":81,"column":1}}},"7":{"name":"(anonymous_8)","decl":{"start":{"line":80,"column":28},"end":{"line":80,"column":29}},"loc":{"start":{"line":80,"column":35},"end":{"line":80,"column":46}}},"8":{"name":"getFaqBySchoolName","decl":{"start":{"line":84,"column":16},"end":{"line":84,"column":34}},"loc":{"start":{"line":84,"column":47},"end":{"line":95,"column":1}}},"9":{"name":"(anonymous_10)","decl":{"start":{"line":87,"column":50},"end":{"line":87,"column":51}},"loc":{"start":{"line":87,"column":57},"end":{"line":87,"column":63}}},"10":{"name":"getAllSchoolIds","decl":{"start":{"line":98,"column":16},"end":{"line":98,"column":31}},"loc":{"start":{"line":98,"column":31},"end":{"line":100,"column":1}}},"11":{"name":"(anonymous_12)","decl":{"start":{"line":99,"column":27},"end":{"line":99,"column":28}},"loc":{"start":{"line":99,"column":34},"end":{"line":99,"column":38}}}},"branchMap":{"0":{"loc":{"start":{"line":20,"column":2},"end":{"line":24,"column":3}},"type":"if","locations":[{"start":{"line":20,"column":2},"end":{"line":24,"column":3}},{"start":{},"end":{}}]},"1":{"loc":{"start":{"line":30,"column":2},"end":{"line":34,"column":3}},"type":"if","locations":[{"start":{"line":30,"column":2},"end":{"line":34,"column":3}},{"start":{},"end":{}}]},"2":{"loc":{"start":{"line":43,"column":2},"end":{"line":53,"column":3}},"type":"if","locations":[{"start":{"line":43,"column":2},"end":{"line":53,"column":3}},{"start":{},"end":{}}]},"3":{"loc":{"start":{"line":51,"column":28},"end":{"line":51,"column":78}},"type":"binary-expr","locations":[{"start":{"line":51,"column":28},"end":{"line":51,"column":72}},{"start":{"line":51,"column":76},"end":{"line":51,"column":78}}]},"4":{"loc":{"start":{"line":59,"column":2},"end":{"line":63,"column":3}},"type":"if","locations":[{"start":{"line":59,"column":2},"end":{"line":63,"column":3}},{"start":{},"end":{}}]},"5":{"loc":{"start":{"line":73,"column":13},"end":{"line":73,"column":39}},"type":"binary-expr","locations":[{"start":{"line":73,"column":13},"end":{"line":73,"column":26}},{"start":{"line":73,"column":30},"end":{"line":73,"column":39}}]},"6":{"loc":{"start":{"line":74,"column":12},"end":{"line":74,"column":63}},"type":"binary-expr","locations":[{"start":{"line":74,"column":13},"end":{"line":74,"column":26}},{"start":{"line":74,"column":30},"end":{"line":74,"column":49}},{"start":{"line":74,"column":54},"end":{"line":74,"column":63}}]},"7":{"loc":{"start":{"line":85,"column":2},"end":{"line":93,"column":3}},"type":"if","locations":[{"start":{"line":85,"column":2},"end":{"line":93,"column":3}},{"start":{},"end":{}}]},"8":{"loc":{"start":{"line":89,"column":6},"end":{"line":91,"column":7}},"type":"if","locations":[{"start":{"line":89,"column":6},"end":{"line":91,"column":7}},{"start":{},"end":{}}]}},"s":{"0":10,"1":10,"2":10,"3":10,"4":10,"5":10,"6":10,"7":10,"8":10,"9":10,"10":10,"11":10,"12":10,"13":10,"14":10,"15":10,"16":10,"17":6,"18":6,"19":6,"20":3,"21":3,"22":3,"23":2,"24":2,"25":2,"26":2,"27":2,"28":6894,"29":6894,"30":2,"31":2,"32":2,"33":2,"34":1,"35":1,"36":1,"37":2987,"38":2,"39":3873,"40":2,"41":2,"42":2,"43":5974,"44":2,"45":6894,"46":4414,"47":2,"48":1,"49":2987},"f":{"0":6,"1":3,"2":2,"3":2,"4":1,"5":2987,"6":2,"7":3873,"8":2,"9":5974,"10":1,"11":2987},"b":{"0":[6,0],"1":[3,0],"2":[2,0],"3":[6894,1118],"4":[2,0],"5":[2987,345],"6":[2987,2987,345],"7":[2,0],"8":[4414,2480]}}
,"D:\\BIAN\\UIG\\university-helper\\src\\lib\\types.ts": {"path":"D:\\BIAN\\UIG\\university-helper\\src\\lib\\types.ts","statementMap":{"0":{"start":{"line":182,"column":13},"end":{"line":203,"column":null}},"1":{"start":{"line":213,"column":13},"end":{"line":217,"column":null}},"2":{"start":{"line":220,"column":13},"end":{"line":234,"column":null}},"3":{"start":{"line":237,"column":13},"end":{"line":242,"column":null}}},"fnMap":{},"branchMap":{},"s":{"0":3,"1":3,"2":3,"3":3},"f":{},"b":{}}
}
