TN:
SF:src\app\school\[id]\not-found.tsx
FN:2,NotFound
FNF:1
FNH:1
FNDA:3,NotFound
DA:2,1
DA:3,3
LF:2
LH:2
BRF:0
BRH:0
end_of_record
TN:
SF:src\components\CompareClient.tsx
FN:22,CompareClient
FN:31,(anonymous_1)
FN:35,(anonymous_2)
FN:39,(anonymous_3)
FN:40,(anonymous_4)
FN:41,(anonymous_5)
FN:42,(anonymous_6)
FN:45,(anonymous_7)
FN:46,(anonymous_8)
FN:49,(anonymous_9)
FN:51,(anonymous_10)
FN:56,(anonymous_11)
FN:62,(anonymous_12)
FN:71,(anonymous_13)
FN:71,(anonymous_14)
FN:72,(anonymous_15)
FN:73,(anonymous_16)
FN:74,(anonymous_17)
FN:75,(anonymous_18)
FN:75,(anonymous_19)
FN:78,(anonymous_20)
FN:79,(anonymous_21)
FN:80,(anonymous_22)
FN:81,(anonymous_23)
FN:82,(anonymous_24)
FN:83,(anonymous_25)
FN:98,(anonymous_26)
FN:103,(anonymous_27)
FN:111,(anonymous_28)
FN:115,(anonymous_29)
FN:116,(anonymous_30)
FN:118,(anonymous_31)
FN:119,(anonymous_32)
FN:140,(anonymous_33)
FN:141,(anonymous_34)
FN:144,(anonymous_35)
FNF:36
FNH:34
FNDA:30,CompareClient
FNDA:57,(anonymous_1)
FNDA:60,(anonymous_2)
FNDA:8,(anonymous_3)
FNDA:12,(anonymous_4)
FNDA:8,(anonymous_5)
FNDA:8,(anonymous_6)
FNDA:1,(anonymous_7)
FNDA:1,(anonymous_8)
FNDA:61,(anonymous_9)
FNDA:1,(anonymous_10)
FNDA:18,(anonymous_11)
FNDA:6,(anonymous_12)
FNDA:6,(anonymous_13)
FNDA:14,(anonymous_14)
FNDA:6,(anonymous_15)
FNDA:6,(anonymous_16)
FNDA:6,(anonymous_17)
FNDA:6,(anonymous_18)
FNDA:18,(anonymous_19)
FNDA:6,(anonymous_20)
FNDA:6,(anonymous_21)
FNDA:6,(anonymous_22)
FNDA:6,(anonymous_23)
FNDA:6,(anonymous_24)
FNDA:6,(anonymous_25)
FNDA:61,(anonymous_26)
FNDA:1,(anonymous_27)
FNDA:10,(anonymous_28)
FNDA:10,(anonymous_29)
FNDA:8,(anonymous_30)
FNDA:0,(anonymous_31)
FNDA:0,(anonymous_32)
FNDA:6,(anonymous_33)
FNDA:33,(anonymous_34)
FNDA:66,(anonymous_35)
DA:3,1
DA:4,1
DA:22,1
DA:28,30
DA:29,30
DA:31,30
DA:32,57
DA:33,57
DA:34,20
DA:35,60
DA:39,30
DA:40,12
DA:41,8
DA:42,8
DA:45,30
DA:46,1
DA:49,61
DA:51,30
DA:52,1
DA:53,1
DA:56,30
DA:57,18
DA:58,18
DA:59,0
DA:62,30
DA:63,6
DA:64,6
DA:65,6
DA:66,6
DA:67,6
DA:70,30
DA:71,14
DA:72,6
DA:73,6
DA:74,6
DA:75,6
DA:76,18
DA:78,6
DA:79,6
DA:80,6
DA:81,6
DA:82,6
DA:83,6
DA:86,30
DA:99,61
DA:103,1
DA:111,10
DA:116,10
DA:118,0
DA:119,0
DA:140,6
DA:142,33
DA:145,66
LF:53
LH:50
BRDA:33,0,0,37
BRDA:33,0,1,20
BRDA:35,1,0,60
BRDA:35,1,1,46
BRDA:40,2,0,8
BRDA:40,2,1,0
BRDA:57,3,0,18
BRDA:57,3,1,0
BRDA:57,4,0,18
BRDA:57,4,1,18
BRDA:58,5,0,18
BRDA:58,5,1,0
BRDA:59,6,0,0
BRDA:59,6,1,0
BRDA:64,7,0,6
BRDA:64,7,1,0
BRDA:65,8,0,6
BRDA:65,8,1,0
BRDA:66,9,0,6
BRDA:66,9,1,0
BRDA:66,10,0,0
BRDA:66,10,1,6
BRDA:66,11,0,6
BRDA:66,11,1,6
BRDA:71,12,0,6
BRDA:71,12,1,0
BRDA:71,13,0,0
BRDA:71,13,1,6
BRDA:71,14,0,6
BRDA:71,14,1,6
BRDA:78,15,0,6
BRDA:78,15,1,1
BRDA:79,16,0,6
BRDA:79,16,1,6
BRDA:80,17,0,6
BRDA:80,17,1,6
BRDA:100,18,0,14
BRDA:100,18,1,47
BRDA:113,19,0,47
BRDA:113,19,1,10
BRDA:129,20,0,30
BRDA:129,20,1,30
BRDA:136,21,0,30
BRDA:136,21,1,3
BRF:44
BRH:33
end_of_record
TN:
SF:src\components\FaqSection.tsx
FN:10,FaqSection
FN:20,(anonymous_1)
FN:24,(anonymous_2)
FN:31,(anonymous_3)
FNF:4
FNH:4
FNDA:7,FaqSection
FNDA:12,(anonymous_1)
FNDA:3,(anonymous_2)
FNDA:4,(anonymous_3)
DA:3,1
DA:10,1
DA:11,7
DA:13,7
DA:14,1
DA:17,6
DA:21,12
DA:24,3
DA:32,4
LF:9
LH:9
BRDA:13,0,0,1
BRDA:13,0,1,6
BRDA:13,1,0,7
BRDA:13,1,1,7
BRDA:24,2,0,1
BRDA:24,2,1,2
BRDA:27,3,0,2
BRDA:27,3,1,10
BRDA:29,4,0,12
BRDA:29,4,1,2
BRDA:35,5,0,4
BRDA:35,5,1,0
BRF:12
BRH:11
end_of_record
TN:
SF:src\components\HomeClient.tsx
FN:18,(anonymous_1)
FN:19,(anonymous_2)
FN:20,(anonymous_3)
FN:21,(anonymous_4)
FN:22,(anonymous_5)
FN:23,(anonymous_6)
FN:24,(anonymous_7)
FN:25,(anonymous_8)
FN:26,(anonymous_9)
FN:27,(anonymous_10)
FN:30,(anonymous_11)
FN:37,compare
FN:38,(anonymous_13)
FN:52,HomeClient
FN:63,(anonymous_15)
FN:68,(anonymous_16)
FN:73,(anonymous_17)
FN:74,(anonymous_18)
FN:75,(anonymous_19)
FN:80,(anonymous_20)
FN:85,(anonymous_21)
FN:97,toggleSort
FN:98,(anonymous_23)
FN:99,(anonymous_24)
FN:106,(anonymous_25)
FN:113,(anonymous_26)
FN:114,(anonymous_27)
FN:118,(anonymous_28)
FN:123,(anonymous_29)
FN:129,(anonymous_30)
FN:132,(anonymous_31)
FN:136,(anonymous_32)
FN:140,(anonymous_33)
FN:143,(anonymous_34)
FN:146,(anonymous_35)
FN:152,onMouseDown
FN:160,onMouseMove
FN:171,onMouseUp
FN:176,(anonymous_39)
FN:185,(anonymous_40)
FN:210,(anonymous_41)
FN:212,(anonymous_42)
FN:214,(anonymous_43)
FN:218,(anonymous_44)
FN:223,(anonymous_45)
FN:242,(anonymous_46)
FN:243,(anonymous_47)
FN:245,(anonymous_48)
FN:247,(anonymous_49)
FN:259,(anonymous_50)
FNF:50
FNH:33
FNDA:52,(anonymous_1)
FNDA:0,(anonymous_2)
FNDA:0,(anonymous_3)
FNDA:0,(anonymous_4)
FNDA:0,(anonymous_5)
FNDA:0,(anonymous_6)
FNDA:0,(anonymous_7)
FNDA:0,(anonymous_8)
FNDA:0,(anonymous_9)
FNDA:20,(anonymous_10)
FNDA:0,(anonymous_11)
FNDA:26,compare
FNDA:26,(anonymous_13)
FNDA:33,HomeClient
FNDA:19,(anonymous_15)
FNDA:20,(anonymous_16)
FNDA:5,(anonymous_17)
FNDA:5,(anonymous_18)
FNDA:5,(anonymous_19)
FNDA:23,(anonymous_20)
FNDA:26,(anonymous_21)
FNDA:4,toggleSort
FNDA:4,(anonymous_23)
FNDA:2,(anonymous_24)
FNDA:1,(anonymous_25)
FNDA:0,(anonymous_26)
FNDA:0,(anonymous_27)
FNDA:19,(anonymous_28)
FNDA:0,(anonymous_29)
FNDA:0,(anonymous_30)
FNDA:19,(anonymous_31)
FNDA:11,(anonymous_32)
FNDA:11,(anonymous_33)
FNDA:11,(anonymous_34)
FNDA:11,(anonymous_35)
FNDA:0,onMouseDown
FNDA:0,onMouseMove
FNDA:0,onMouseUp
FNDA:0,(anonymous_39)
FNDA:11,(anonymous_40)
FNDA:5,(anonymous_41)
FNDA:1,(anonymous_42)
FNDA:1023,(anonymous_43)
FNDA:1,(anonymous_44)
FNDA:1,(anonymous_45)
FNDA:957,(anonymous_46)
FNDA:145,(anonymous_47)
FNDA:12771,(anonymous_48)
FNDA:4,(anonymous_49)
FNDA:115,(anonymous_50)
DA:3,1
DA:4,1
DA:6,1
DA:7,1
DA:9,1
DA:12,1
DA:15,1
DA:17,1
DA:18,52
DA:19,0
DA:20,0
DA:21,0
DA:22,0
DA:23,0
DA:24,0
DA:25,0
DA:26,0
DA:27,20
DA:31,0
DA:32,0
DA:38,26
DA:39,26
DA:40,26
DA:41,26
DA:42,26
DA:43,26
DA:44,26
DA:45,26
DA:52,1
DA:53,33
DA:54,33
DA:55,33
DA:56,33
DA:57,33
DA:58,33
DA:59,33
DA:60,33
DA:63,33
DA:64,19
DA:65,19
DA:66,4
DA:67,4
DA:69,20
DA:73,19
DA:74,19
DA:75,19
DA:76,19
DA:80,33
DA:81,23
DA:82,3
DA:83,3
DA:84,3
DA:85,3
DA:86,26
DA:87,26
DA:90,3
DA:93,33
DA:94,33
DA:98,4
DA:99,4
DA:100,4
DA:101,2
DA:102,1
DA:103,1
DA:104,1
DA:106,1
DA:111,33
DA:113,33
DA:114,0
DA:118,33
DA:119,19
DA:120,19
DA:121,19
DA:122,0
DA:124,0
DA:128,0
DA:129,0
DA:132,33
DA:133,19
DA:136,33
DA:137,11
DA:138,11
DA:139,11
DA:140,11
DA:141,11
DA:142,11
DA:143,11
DA:146,33
DA:147,11
DA:148,11
DA:150,11
DA:153,0
DA:154,0
DA:155,0
DA:156,0
DA:157,0
DA:161,0
DA:162,0
DA:163,0
DA:164,0
DA:165,0
DA:166,0
DA:167,0
DA:172,0
DA:173,0
DA:174,0
DA:175,0
DA:176,0
DA:177,0
DA:181,11
DA:182,11
DA:183,11
DA:185,11
DA:186,11
DA:187,11
DA:188,11
DA:192,33
DA:210,5
DA:212,1
DA:215,1023
DA:218,1
DA:223,1
DA:243,957
DA:244,957
DA:245,12771
DA:246,957
DA:247,4
DA:260,115
LF:128
LH:95
BRDA:21,0,0,0
BRDA:21,0,1,0
BRDA:21,1,0,0
BRDA:21,1,1,0
BRDA:22,2,0,0
BRDA:22,2,1,0
BRDA:23,3,0,0
BRDA:23,3,1,0
BRDA:24,4,0,0
BRDA:24,4,1,0
BRDA:25,5,0,0
BRDA:25,5,1,0
BRDA:26,6,0,0
BRDA:26,6,1,0
BRDA:26,7,0,0
BRDA:26,7,1,0
BRDA:31,8,0,0
BRDA:31,8,1,0
BRDA:31,9,0,0
BRDA:31,9,1,0
BRDA:32,10,0,0
BRDA:32,10,1,0
BRDA:32,11,0,0
BRDA:32,11,1,0
BRDA:41,12,0,0
BRDA:41,12,1,26
BRDA:41,13,0,26
BRDA:41,13,1,0
BRDA:42,14,0,0
BRDA:42,14,1,26
BRDA:43,15,0,0
BRDA:43,15,1,26
BRDA:44,16,0,0
BRDA:44,16,1,26
BRDA:44,17,0,26
BRDA:44,17,1,0
BRDA:65,18,0,4
BRDA:65,18,1,15
BRDA:69,19,0,20
BRDA:69,19,1,17
BRDA:73,20,0,1
BRDA:73,20,1,18
BRDA:74,21,0,1
BRDA:74,21,1,18
BRDA:75,22,0,1
BRDA:75,22,1,18
BRDA:81,23,0,20
BRDA:81,23,1,3
BRDA:87,24,0,18
BRDA:87,24,1,8
BRDA:100,25,0,2
BRDA:100,25,1,2
BRDA:101,26,0,1
BRDA:101,26,1,1
BRDA:121,27,0,19
BRDA:121,27,1,0
BRDA:121,28,0,19
BRDA:121,28,1,0
BRDA:124,29,0,0
BRDA:124,29,1,0
BRDA:124,30,0,0
BRDA:124,30,1,0
BRDA:139,31,0,0
BRDA:139,31,1,11
BRDA:139,32,0,11
BRDA:139,32,1,11
BRDA:148,33,0,0
BRDA:148,33,1,11
BRDA:153,34,0,0
BRDA:153,34,1,0
BRDA:161,35,0,0
BRDA:161,35,1,0
BRDA:164,36,0,0
BRDA:164,36,1,0
BRDA:164,37,0,0
BRDA:164,37,1,0
BRDA:172,38,0,0
BRDA:172,38,1,0
BRDA:175,39,0,0
BRDA:175,39,1,0
BRDA:233,40,0,33
BRDA:233,40,1,14
BRDA:244,41,0,5
BRDA:244,41,1,952
BRDA:245,42,0,957
BRDA:245,42,1,924
BRDA:245,42,2,891
BRDA:247,43,0,660
BRDA:247,43,1,297
BRDA:247,44,0,33
BRDA:247,44,1,924
BRDA:249,45,0,5
BRDA:249,45,1,952
BRDA:250,46,0,5
BRDA:250,46,1,952
BRDA:250,47,0,4
BRDA:250,47,1,1
BRDA:251,48,0,957
BRDA:251,48,1,0
BRDA:264,49,0,33
BRDA:264,49,1,0
BRF:101
BRH:49
end_of_record
TN:
SF:src\components\SchoolBgColor.tsx
FN:6,SchoolBgColor
FN:10,(anonymous_1)
FN:26,(anonymous_2)
FN:35,(anonymous_3)
FN:44,(anonymous_4)
FN:66,(anonymous_5)
FN:70,(anonymous_6)
FNF:7
FNH:5
FNDA:6,SchoolBgColor
FNDA:6,(anonymous_1)
FNDA:6,(anonymous_2)
FNDA:6,(anonymous_3)
FNDA:0,(anonymous_4)
FNDA:0,(anonymous_5)
FNDA:6,(anonymous_6)
DA:3,1
DA:4,1
DA:6,1
DA:7,6
DA:8,6
DA:10,6
DA:11,6
DA:12,6
DA:13,6
DA:14,6
DA:15,6
DA:16,6
DA:18,6
DA:19,6
DA:20,6
DA:21,6
DA:22,6
DA:23,6
DA:24,6
DA:26,6
DA:27,6
DA:28,6
DA:29,6
DA:30,6
DA:31,6
DA:35,6
DA:36,6
DA:37,6
DA:38,6
DA:40,6
DA:41,6
DA:42,6
DA:44,6
DA:45,0
DA:46,0
DA:47,0
DA:48,0
DA:49,0
DA:50,0
DA:51,0
DA:52,0
DA:53,0
DA:54,0
DA:55,0
DA:56,0
DA:57,0
DA:58,0
DA:59,0
DA:60,0
DA:62,0
DA:66,6
DA:67,0
DA:70,6
DA:73,6
LF:54
LH:36
BRDA:27,0,0,6
BRDA:27,0,1,6
BRDA:28,1,0,6
BRDA:28,1,1,6
BRDA:29,2,0,6
BRDA:29,2,1,6
BRDA:30,3,0,6
BRDA:30,3,1,6
BRDA:31,4,0,6
BRDA:31,4,1,6
BRDA:36,5,0,0
BRDA:36,5,1,6
BRDA:45,6,0,0
BRDA:45,6,1,0
BRDA:62,7,0,0
BRDA:62,7,1,0
BRDA:67,8,0,0
BRDA:67,8,1,0
BRF:18
BRH:11
end_of_record
TN:
SF:src\components\SchoolCard.tsx
FN:10,SchoolCard
FN:12,(anonymous_1)
FN:16,(anonymous_2)
FN:22,(anonymous_3)
FN:29,(anonymous_4)
FN:37,(anonymous_5)
FNF:6
FNH:5
FNDA:18,SchoolCard
FNDA:164,(anonymous_1)
FNDA:0,(anonymous_2)
FNDA:1,(anonymous_3)
FNDA:54,(anonymous_4)
FNDA:360,(anonymous_5)
DA:2,1
DA:3,1
DA:4,1
DA:6,1
DA:8,1
DA:10,1
DA:11,18
DA:12,164
DA:13,18
DA:14,18
DA:15,18
DA:16,0
DA:22,1
DA:30,54
DA:38,360
DA:39,360
DA:40,360
DA:41,292
DA:43,68
DA:44,1
DA:45,1
DA:47,67
DA:48,67
LF:23
LH:22
BRDA:20,0,0,1
BRDA:20,0,1,17
BRDA:22,1,0,18
BRDA:22,1,1,17
BRDA:27,2,0,16
BRDA:27,2,1,2
BRDA:27,3,0,18
BRDA:27,3,1,18
BRDA:28,4,0,18
BRDA:28,4,1,2
BRDA:30,5,0,48
BRDA:30,5,1,6
BRDA:31,6,0,48
BRDA:31,6,1,6
BRDA:34,7,0,16
BRDA:34,7,1,2
BRDA:34,8,0,18
BRDA:34,8,1,2
BRDA:34,9,0,16
BRDA:34,9,1,0
BRDA:35,10,0,16
BRDA:35,10,1,2
BRDA:35,11,0,0
BRDA:35,11,1,2
BRDA:38,12,0,40
BRDA:38,12,1,320
BRDA:38,13,0,360
BRDA:38,13,1,360
BRDA:39,14,0,340
BRDA:39,14,1,20
BRDA:39,15,0,360
BRDA:39,15,1,360
BRDA:40,16,0,292
BRDA:40,16,1,68
BRDA:40,17,0,360
BRDA:40,17,1,360
BRDA:43,18,0,1
BRDA:43,18,1,67
BRDA:44,19,0,1
BRDA:44,19,1,0
BRDA:44,20,0,1
BRDA:44,20,1,1
BRDA:47,21,0,40
BRDA:47,21,1,27
BRDA:47,22,0,26
BRDA:47,22,1,1
BRDA:47,23,0,0
BRDA:47,23,1,1
BRDA:47,24,0,0
BRDA:47,24,1,1
BRF:50
BRH:45
end_of_record
TN:
SF:src\lib\colors.ts
FN:24,hexToRgb
FN:31,rgbToHsl
FN:47,hslToRgb
FN:62,hslDiff
FN:70,getFallbackPastel
FN:78,deriveAccentColors
FN:82,hslToHex
FN:84,(anonymous_7)
FN:95,matchLogoToPastel
FN:117,(anonymous_9)
FNF:10
FNH:10
FNDA:69,hexToRgb
FNDA:73,rgbToHsl
FNDA:36,hslToRgb
FNDA:60,hslDiff
FNDA:11,getFallbackPastel
FNDA:9,deriveAccentColors
FNDA:36,hslToHex
FNDA:108,(anonymous_7)
FNDA:4,matchLogoToPastel
FNDA:33,(anonymous_9)
DA:1,2
DA:25,69
DA:26,69
DA:27,69
DA:28,69
DA:32,73
DA:33,73
DA:34,73
DA:35,73
DA:36,70
DA:37,70
DA:38,70
DA:39,38
DA:40,12
DA:41,20
DA:44,73
DA:48,36
DA:49,36
DA:50,36
DA:51,36
DA:52,36
DA:53,36
DA:54,8
DA:55,8
DA:56,8
DA:57,4
DA:58,0
DA:59,36
DA:63,60
DA:64,60
DA:65,60
DA:66,60
DA:67,60
DA:70,2
DA:71,11
DA:72,11
DA:73,44
DA:75,11
DA:78,2
DA:79,9
DA:80,9
DA:83,36
DA:84,108
DA:87,9
DA:95,2
DA:96,4
DA:97,4
DA:99,4
DA:100,5
DA:101,7
DA:102,7
DA:103,7
DA:104,4
DA:105,4
DA:106,4
DA:107,4
DA:108,3
DA:110,4
DA:111,4
DA:112,4
DA:113,4
DA:117,33
DA:118,4
DA:119,33
DA:122,4
DA:124,3
DA:125,3
DA:126,3
DA:128,3
DA:129,3
DA:130,3
DA:132,3
DA:133,60
DA:134,60
DA:135,60
DA:136,60
DA:137,16
DA:138,16
DA:142,3
LF:79
LH:78
BRDA:35,0,0,70
BRDA:35,0,1,3
BRDA:37,1,0,69
BRDA:37,1,1,1
BRDA:38,2,0,38
BRDA:38,2,1,12
BRDA:38,2,2,20
BRDA:39,3,0,3
BRDA:39,3,1,35
BRDA:53,4,0,28
BRDA:53,4,1,8
BRDA:54,5,0,0
BRDA:54,5,1,8
BRDA:55,6,0,0
BRDA:55,6,1,8
BRDA:56,7,0,4
BRDA:56,7,1,4
BRDA:57,8,0,4
BRDA:57,8,1,0
BRDA:103,9,0,3
BRDA:103,9,1,4
BRDA:105,10,0,0
BRDA:105,10,1,4
BRDA:105,11,0,4
BRDA:105,11,1,4
BRDA:105,11,2,4
BRDA:107,12,0,3
BRDA:107,12,1,1
BRDA:117,13,0,33
BRDA:117,13,1,3
BRDA:119,14,0,0
BRDA:119,14,1,33
BRDA:119,15,0,33
BRDA:119,15,1,3
BRDA:119,16,0,3
BRDA:119,16,1,0
BRDA:119,17,0,0
BRDA:119,17,1,3
BRDA:119,18,0,3
BRDA:119,18,1,3
BRDA:122,19,0,1
BRDA:122,19,1,3
BRDA:122,20,0,4
BRDA:122,20,1,3
BRDA:136,21,0,16
BRDA:136,21,1,44
BRF:46
BRH:39
end_of_record
TN:
SF:src\lib\constants.ts
FN:18,(anonymous_0)
FNF:1
FNH:1
FNDA:124,(anonymous_0)
DA:2,4
DA:17,4
DA:18,124
DA:22,4
DA:28,4
LF:5
LH:5
BRF:0
BRH:0
end_of_record
TN:
SF:src\lib\data.ts
FN:19,loadSchools
FN:29,loadFaq
FN:42,loadSchoolIndices
FN:58,loadSearchIndex
FN:68,loadSearchIndexWithIndices
FN:71,(anonymous_6)
FN:79,getSchoolById
FN:80,(anonymous_8)
FN:84,getFaqBySchoolName
FN:87,(anonymous_10)
FN:98,getAllSchoolIds
FN:99,(anonymous_12)
FNF:12
FNH:12
FNDA:6,loadSchools
FNDA:3,loadFaq
FNDA:2,loadSchoolIndices
FNDA:2,loadSearchIndex
FNDA:1,loadSearchIndexWithIndices
FNDA:2987,(anonymous_6)
FNDA:2,getSchoolById
FNDA:3873,(anonymous_8)
FNDA:2,getFaqBySchoolName
FNDA:5974,(anonymous_10)
FNDA:1,getAllSchoolIds
FNDA:2987,(anonymous_12)
DA:5,10
DA:6,10
DA:9,10
DA:10,10
DA:11,10
DA:12,10
DA:13,10
DA:14,10
DA:16,10
DA:19,10
DA:20,6
DA:21,6
DA:25,6
DA:29,10
DA:30,3
DA:31,3
DA:35,3
DA:42,10
DA:43,2
DA:44,2
DA:47,2
DA:48,2
DA:49,2
DA:50,6894
DA:51,6894
DA:54,2
DA:58,10
DA:59,2
DA:60,2
DA:64,2
DA:68,10
DA:69,1
DA:70,1
DA:71,2987
DA:79,10
DA:80,3873
DA:84,10
DA:85,2
DA:86,2
DA:87,5974
DA:88,2
DA:89,6894
DA:90,4414
DA:94,2
DA:98,10
DA:99,2987
LF:46
LH:46
BRDA:20,0,0,6
BRDA:20,0,1,0
BRDA:30,1,0,3
BRDA:30,1,1,0
BRDA:43,2,0,2
BRDA:43,2,1,0
BRDA:51,3,0,6894
BRDA:51,3,1,1118
BRDA:59,4,0,2
BRDA:59,4,1,0
BRDA:73,5,0,2987
BRDA:73,5,1,345
BRDA:74,6,0,2987
BRDA:74,6,1,2987
BRDA:74,6,2,345
BRDA:85,7,0,2
BRDA:85,7,1,0
BRDA:89,8,0,4414
BRDA:89,8,1,2480
BRF:19
BRH:14
end_of_record
TN:
SF:src\lib\types.ts
FNF:0
FNH:0
DA:182,3
DA:213,3
DA:220,3
DA:237,3
LF:4
LH:4
BRF:0
BRH:0
end_of_record
